2026-02-04 00:02:36,177 INFO o.h.v.i.u.Version [background-preinit] HV000001: Hibernate Validator 8.0.3.Final
2026-02-04 00:02:36,211 INFO o.s.b.StartupInfoLogger [main] Starting AsociationApplication using Java 25.0.1 with PID 17812 (C:\Users\Usuario\Desktop\DAM\2\AccesoDatos\asociation\target\classes started by Usuario in C:\Users\Usuario\Desktop\DAM\2\AccesoDatos\asociation)
2026-02-04 00:02:36,212 INFO o.s.b.SpringApplication [main] No active profile set, falling back to 1 default profile: "default"
2026-02-04 00:02:36,625 INFO o.s.d.r.c.RepositoryConfigurationDelegate [main] Bootstrapping Spring Data JPA repositories in DEFAULT mode.
2026-02-04 00:02:36,672 INFO o.s.d.r.c.RepositoryConfigurationDelegate [main] Finished Spring Data repository scanning in 41 ms. Found 5 JPA repository interfaces.
2026-02-04 00:02:37,013 INFO o.s.b.w.e.t.TomcatWebServer [main] Tomcat initialized with port 8080 (http)
2026-02-04 00:02:37,022 INFO o.a.j.l.DirectJDKLog [main] Initializing ProtocolHandler ["http-nio-8080"]
2026-02-04 00:02:37,024 INFO o.a.j.l.DirectJDKLog [main] Starting service [Tomcat]
2026-02-04 00:02:37,024 INFO o.a.j.l.DirectJDKLog [main] Starting Servlet engine: [Apache Tomcat/10.1.49]
2026-02-04 00:02:37,073 INFO o.a.j.l.DirectJDKLog [main] Initializing Spring embedded WebApplicationContext
2026-02-04 00:02:37,074 INFO o.s.b.w.s.c.ServletWebServerApplicationContext [main] Root WebApplicationContext: initialization completed in 834 ms
2026-02-04 00:02:37,179 INFO o.h.j.i.u.LogHelper [main] HHH000204: Processing PersistenceUnitInfo [name: default]
2026-02-04 00:02:37,214 INFO o.h.Version [main] HHH000412: Hibernate ORM core version 6.6.36.Final
2026-02-04 00:02:37,237 INFO o.h.c.i.RegionFactoryInitiator [main] HHH000026: Second-level cache disabled
2026-02-04 00:02:37,439 INFO o.s.o.j.p.SpringPersistenceUnitInfo [main] No LoadTimeWeaver setup: ignoring JPA class transformer
2026-02-04 00:02:37,461 INFO c.z.h.HikariDataSource [main] HikariPool-1 - Starting...
2026-02-04 00:02:37,529 INFO c.z.h.p.HikariPool [main] HikariPool-1 - Added connection org.mariadb.jdbc.Connection@faec277
2026-02-04 00:02:37,530 INFO c.z.h.HikariDataSource [main] HikariPool-1 - Start completed.
2026-02-04 00:02:37,550 WARN o.h.e.j.d.i.DialectFactoryImpl [main] HHH90000025: MariaDBDialect does not need to be specified explicitly using 'hibernate.dialect' (remove the property setting and it will be selected by default)
2026-02-04 00:02:37,562 INFO o.h.e.j.e.i.JdbcEnvironmentInitiator [main] HHH10001005: Database info:
	Database JDBC URL [Connecting through datasource 'HikariDataSource (HikariPool-1)']
	Database driver: undefined/unknown
	Database version: 11.8.2
	Autocommit mode: undefined/unknown
	Isolation level: undefined/unknown
	Minimum pool size: undefined/unknown
	Maximum pool size: undefined/unknown
2026-02-04 00:02:37,720 ERROR o.s.o.j.AbstractEntityManagerFactoryBean [main] Failed to initialize JPA EntityManagerFactory: Association 'com.svalero.asociation.model.Socio.participanteList' targets the type 'com.svalero.asociation.dto.ParticipanteDto' which is not an '@Entity' type
2026-02-04 00:02:37,721 WARN o.s.c.s.AbstractApplicationContext [main] Exception encountered during context initialization - cancelling refresh attempt: org.springframework.beans.factory.BeanCreationException: Error creating bean with name 'entityManagerFactory' defined in class path resource [org/springframework/boot/autoconfigure/orm/jpa/HibernateJpaConfiguration.class]: Association 'com.svalero.asociation.model.Socio.participanteList' targets the type 'com.svalero.asociation.dto.ParticipanteDto' which is not an '@Entity' type
2026-02-04 00:02:37,721 INFO c.z.h.HikariDataSource [main] HikariPool-1 - Shutdown initiated...
2026-02-04 00:02:37,732 INFO c.z.h.HikariDataSource [main] HikariPool-1 - Shutdown completed.
2026-02-04 00:02:37,735 INFO o.a.j.l.DirectJDKLog [main] Stopping service [Tomcat]
2026-02-04 00:02:37,742 INFO o.s.b.a.l.ConditionEvaluationReportLogger [main] 

Error starting ApplicationContext. To display the condition evaluation report re-run your application with 'debug' enabled.
2026-02-04 00:02:37,756 ERROR o.s.b.SpringApplication [main] Application run failed
org.springframework.beans.factory.BeanCreationException: Error creating bean with name 'entityManagerFactory' defined in class path resource [org/springframework/boot/autoconfigure/orm/jpa/HibernateJpaConfiguration.class]: Association 'com.svalero.asociation.model.Socio.participanteList' targets the type 'com.svalero.asociation.dto.ParticipanteDto' which is not an '@Entity' type
	at org.springframework.beans.factory.support.AbstractAutowireCapableBeanFactory.initializeBean(AbstractAutowireCapableBeanFactory.java:1826)
	at org.springframework.beans.factory.support.AbstractAutowireCapableBeanFactory.doCreateBean(AbstractAutowireCapableBeanFactory.java:607)
	at org.springframework.beans.factory.support.AbstractAutowireCapableBeanFactory.createBean(AbstractAutowireCapableBeanFactory.java:529)
	at org.springframework.beans.factory.support.AbstractBeanFactory.lambda$doGetBean$0(AbstractBeanFactory.java:339)
	at org.springframework.beans.factory.support.DefaultSingletonBeanRegistry.getSingleton(DefaultSingletonBeanRegistry.java:373)
	at org.springframework.beans.factory.support.AbstractBeanFactory.doGetBean(AbstractBeanFactory.java:337)
	at org.springframework.beans.factory.support.AbstractBeanFactory.getBean(AbstractBeanFactory.java:207)
	at org.springframework.context.support.AbstractApplicationContext.finishBeanFactoryInitialization(AbstractApplicationContext.java:973)
	at org.springframework.context.support.AbstractApplicationContext.refresh(AbstractApplicationContext.java:627)
	at org.springframework.boot.web.servlet.context.ServletWebServerApplicationContext.refresh(ServletWebServerApplicationContext.java:146)
	at org.springframework.boot.SpringApplication.refresh(SpringApplication.java:752)
	at org.springframework.boot.SpringApplication.refreshContext(SpringApplication.java:439)
	at org.springframework.boot.SpringApplication.run(SpringApplication.java:318)
	at org.springframework.boot.SpringApplication.run(SpringApplication.java:1361)
	at org.springframework.boot.SpringApplication.run(SpringApplication.java:1350)
	at com.svalero.asociation.AsociationApplication.main(AsociationApplication.java:10)
Caused by: org.hibernate.AnnotationException: Association 'com.svalero.asociation.model.Socio.participanteList' targets the type 'com.svalero.asociation.dto.ParticipanteDto' which is not an '@Entity' type
	at org.hibernate.boot.model.internal.CollectionBinder.detectManyToManyProblems(CollectionBinder.java:2610)
	at org.hibernate.boot.model.internal.CollectionBinder.bindManyToManySecondPass(CollectionBinder.java:2175)
	at org.hibernate.boot.model.internal.CollectionBinder.bindStarToManySecondPass(CollectionBinder.java:1620)
	at org.hibernate.boot.model.internal.CollectionBinder$1.secondPass(CollectionBinder.java:1604)
	at org.hibernate.boot.model.internal.CollectionSecondPass.doSecondPass(CollectionSecondPass.java:45)
	at org.hibernate.boot.internal.InFlightMetadataCollectorImpl.processSecondPasses(InFlightMetadataCollectorImpl.java:1842)
	at org.hibernate.boot.internal.InFlightMetadataCollectorImpl.processSecondPasses(InFlightMetadataCollectorImpl.java:1800)
	at org.hibernate.boot.model.process.spi.MetadataBuildingProcess.complete(MetadataBuildingProcess.java:334)
	at org.hibernate.jpa.boot.internal.EntityManagerFactoryBuilderImpl.metadata(EntityManagerFactoryBuilderImpl.java:1442)
	at org.hibernate.jpa.boot.internal.EntityManagerFactoryBuilderImpl.build(EntityManagerFactoryBuilderImpl.java:1513)
	at org.springframework.orm.jpa.vendor.SpringHibernateJpaPersistenceProvider.createContainerEntityManagerFactory(SpringHibernateJpaPersistenceProvider.java:66)
	at org.springframework.orm.jpa.LocalContainerEntityManagerFactoryBean.createNativeEntityManagerFactory(LocalContainerEntityManagerFactoryBean.java:390)
	at org.springframework.orm.jpa.AbstractEntityManagerFactoryBean.buildNativeEntityManagerFactory(AbstractEntityManagerFactoryBean.java:419)
	at org.springframework.orm.jpa.AbstractEntityManagerFactoryBean.afterPropertiesSet(AbstractEntityManagerFactoryBean.java:400)
	at org.springframework.orm.jpa.LocalContainerEntityManagerFactoryBean.afterPropertiesSet(LocalContainerEntityManagerFactoryBean.java:366)
	at org.springframework.beans.factory.support.AbstractAutowireCapableBeanFactory.invokeInitMethods(AbstractAutowireCapableBeanFactory.java:1873)
	at org.springframework.beans.factory.support.AbstractAutowireCapableBeanFactory.initializeBean(AbstractAutowireCapableBeanFactory.java:1822)
	... 15 common frames omitted
2026-02-04 00:02:57,011 INFO o.h.v.i.u.Version [background-preinit] HV000001: Hibernate Validator 8.0.3.Final
2026-02-04 00:02:57,044 INFO o.s.b.StartupInfoLogger [main] Starting AsociationApplication using Java 25.0.1 with PID 13008 (C:\Users\Usuario\Desktop\DAM\2\AccesoDatos\asociation\target\classes started by Usuario in C:\Users\Usuario\Desktop\DAM\2\AccesoDatos\asociation)
2026-02-04 00:02:57,045 INFO o.s.b.SpringApplication [main] No active profile set, falling back to 1 default profile: "default"
2026-02-04 00:02:57,464 INFO o.s.d.r.c.RepositoryConfigurationDelegate [main] Bootstrapping Spring Data JPA repositories in DEFAULT mode.
2026-02-04 00:02:57,510 INFO o.s.d.r.c.RepositoryConfigurationDelegate [main] Finished Spring Data repository scanning in 40 ms. Found 5 JPA repository interfaces.
2026-02-04 00:02:57,859 INFO o.s.b.w.e.t.TomcatWebServer [main] Tomcat initialized with port 8080 (http)
2026-02-04 00:02:57,869 INFO o.a.j.l.DirectJDKLog [main] Initializing ProtocolHandler ["http-nio-8080"]
2026-02-04 00:02:57,871 INFO o.a.j.l.DirectJDKLog [main] Starting service [Tomcat]
2026-02-04 00:02:57,872 INFO o.a.j.l.DirectJDKLog [main] Starting Servlet engine: [Apache Tomcat/10.1.49]
2026-02-04 00:02:57,922 INFO o.a.j.l.DirectJDKLog [main] Initializing Spring embedded WebApplicationContext
2026-02-04 00:02:57,922 INFO o.s.b.w.s.c.ServletWebServerApplicationContext [main] Root WebApplicationContext: initialization completed in 849 ms
2026-02-04 00:02:58,022 INFO o.h.j.i.u.LogHelper [main] HHH000204: Processing PersistenceUnitInfo [name: default]
2026-02-04 00:02:58,059 INFO o.h.Version [main] HHH000412: Hibernate ORM core version 6.6.36.Final
2026-02-04 00:02:58,081 INFO o.h.c.i.RegionFactoryInitiator [main] HHH000026: Second-level cache disabled
2026-02-04 00:02:58,281 INFO o.s.o.j.p.SpringPersistenceUnitInfo [main] No LoadTimeWeaver setup: ignoring JPA class transformer
2026-02-04 00:02:58,302 INFO c.z.h.HikariDataSource [main] HikariPool-1 - Starting...
2026-02-04 00:02:58,369 INFO c.z.h.p.HikariPool [main] HikariPool-1 - Added connection org.mariadb.jdbc.Connection@12e007be
2026-02-04 00:02:58,371 INFO c.z.h.HikariDataSource [main] HikariPool-1 - Start completed.
2026-02-04 00:02:58,389 WARN o.h.e.j.d.i.DialectFactoryImpl [main] HHH90000025: MariaDBDialect does not need to be specified explicitly using 'hibernate.dialect' (remove the property setting and it will be selected by default)
2026-02-04 00:02:58,401 INFO o.h.e.j.e.i.JdbcEnvironmentInitiator [main] HHH10001005: Database info:
	Database JDBC URL [Connecting through datasource 'HikariDataSource (HikariPool-1)']
	Database driver: undefined/unknown
	Database version: 11.8.2
	Autocommit mode: undefined/unknown
	Isolation level: undefined/unknown
	Minimum pool size: undefined/unknown
	Maximum pool size: undefined/unknown
2026-02-04 00:02:59,136 INFO o.h.e.t.j.p.i.JtaPlatformInitiator [main] HHH000489: No JTA platform available (set 'hibernate.transaction.jta.platform' to enable JTA platform integration)
2026-02-04 00:02:59,180 INFO o.s.o.j.AbstractEntityManagerFactoryBean [main] Initialized JPA EntityManagerFactory for persistence unit 'default'
2026-02-04 00:02:59,343 INFO o.s.d.j.r.q.QueryEnhancerFactory [main] Hibernate is in classpath; If applicable, HQL parser will be used.
2026-02-04 00:02:59,987 WARN o.s.b.a.o.j.JpaBaseConfiguration$JpaWebConfiguration [main] spring.jpa.open-in-view is enabled by default. Therefore, database queries may be performed during view rendering. Explicitly configure spring.jpa.open-in-view to disable this warning
2026-02-04 00:03:00,054 DEBUG o.s.w.s.h.AbstractHandlerMethodMapping [main] 28 mappings in 'requestMappingHandlerMapping'
2026-02-04 00:03:00,107 DEBUG o.s.w.s.h.SimpleUrlHandlerMapping [main] Patterns [/webjars/**, /**] in 'resourceHandlerMapping'
2026-02-04 00:03:00,123 DEBUG o.s.w.s.m.m.a.RequestMappingHandlerAdapter [main] ControllerAdvice beans: 0 @ModelAttribute, 0 @InitBinder, 1 RequestBodyAdvice, 1 ResponseBodyAdvice
2026-02-04 00:03:00,154 DEBUG o.s.w.s.m.m.a.ExceptionHandlerExceptionResolver [main] ControllerAdvice beans: 1 @ExceptionHandler, 1 ResponseBodyAdvice
2026-02-04 00:03:00,205 INFO o.a.j.l.DirectJDKLog [main] Starting ProtocolHandler ["http-nio-8080"]
2026-02-04 00:03:00,218 INFO o.s.b.w.e.t.TomcatWebServer [main] Tomcat started on port 8080 (http) with context path '/'
2026-02-04 00:03:00,223 INFO o.s.b.StartupInfoLogger [main] Started AsociationApplication in 3.557 seconds (process running for 3.818)
2026-02-04 00:03:07,073 INFO o.a.j.l.DirectJDKLog [http-nio-8080-exec-2] Initializing Spring DispatcherServlet 'dispatcherServlet'
2026-02-04 00:03:07,074 INFO o.s.w.s.FrameworkServlet [http-nio-8080-exec-2] Initializing Servlet 'dispatcherServlet'
2026-02-04 00:03:07,074 DEBUG o.s.w.s.DispatcherServlet [http-nio-8080-exec-2] Detected StandardServletMultipartResolver
2026-02-04 00:03:07,075 DEBUG o.s.w.s.DispatcherServlet [http-nio-8080-exec-2] Detected AcceptHeaderLocaleResolver
2026-02-04 00:03:07,076 DEBUG o.s.w.s.DispatcherServlet [http-nio-8080-exec-2] Detected FixedThemeResolver
2026-02-04 00:03:07,077 DEBUG o.s.w.s.DispatcherServlet [http-nio-8080-exec-2] Detected org.springframework.web.servlet.view.DefaultRequestToViewNameTranslator@f3458af
2026-02-04 00:03:07,077 DEBUG o.s.w.s.DispatcherServlet [http-nio-8080-exec-2] Detected org.springframework.web.servlet.support.SessionFlashMapManager@2af5eab6
2026-02-04 00:03:07,077 DEBUG o.s.w.s.FrameworkServlet [http-nio-8080-exec-2] enableLoggingRequestDetails='false': request parameters and headers will be masked to prevent unsafe logging of potentially sensitive data
2026-02-04 00:03:07,078 INFO o.s.w.s.FrameworkServlet [http-nio-8080-exec-2] Completed initialization in 4 ms
2026-02-04 00:03:07,083 DEBUG o.s.c.l.LogFormatUtils [http-nio-8080-exec-2] GET "/participantes", parameters={}
2026-02-04 00:03:07,092 DEBUG o.s.w.s.h.AbstractHandlerMapping [http-nio-8080-exec-2] Mapped to com.svalero.asociation.controller.ParticipanteController#getAll(LocalDate, String, String)
2026-02-04 00:03:07,184 INFO c.s.a.s.ParticipanteService [http-nio-8080-exec-2] Searching with filters: null null null
2026-02-04 00:03:07,185 INFO c.s.a.c.ParticipanteController [http-nio-8080-exec-2] GET/participantes
2026-02-04 00:03:07,196 DEBUG o.s.w.s.m.m.a.AbstractMessageConverterMethodProcessor [http-nio-8080-exec-2] Using 'application/json', given [*/*] and supported [application/json, application/*+json]
2026-02-04 00:03:07,238 DEBUG o.s.c.l.LogFormatUtils [http-nio-8080-exec-2] Writing [java.lang.StackOverflowError]
2026-02-04 00:03:07,278 DEBUG o.s.w.s.m.m.a.ExceptionHandlerExceptionResolver [http-nio-8080-exec-2] Using @ExceptionHandler com.svalero.asociation.exception.GlobalExceptionHandler#handleGlobalError(Exception)
2026-02-04 00:03:07,279 DEBUG o.s.w.s.m.m.a.AbstractMessageConverterMethodProcessor [http-nio-8080-exec-2] Found 'Content-Type:application/json' in response
2026-02-04 00:03:07,281 DEBUG o.s.c.l.LogFormatUtils [http-nio-8080-exec-2] Writing [ErrorResponse(code=500, message=An unexpected error occurred, title=Internal Server Error, error={})]
2026-02-04 00:03:07,285 DEBUG o.s.w.s.h.AbstractHandlerExceptionResolver [http-nio-8080-exec-2] Resolved [org.springframework.http.converter.HttpMessageConversionException: Type definition error: [simple type, class org.hibernate.proxy.pojo.bytebuddy.ByteBuddyInterceptor]]
2026-02-04 00:03:07,286 DEBUG o.s.w.s.FrameworkServlet [http-nio-8080-exec-2] Completed 500 INTERNAL_SERVER_ERROR
2026-02-04 00:03:47,789 DEBUG o.s.c.l.LogFormatUtils [http-nio-8080-exec-4] GET "/participantes/6", parameters={}
2026-02-04 00:03:47,790 DEBUG o.s.w.s.h.AbstractHandlerMapping [http-nio-8080-exec-4] Mapped to com.svalero.asociation.controller.ParticipanteController#getParticipanteById(long)
2026-02-04 00:03:47,803 DEBUG o.s.w.s.m.m.a.ExceptionHandlerExceptionResolver [http-nio-8080-exec-4] Using @ExceptionHandler com.svalero.asociation.exception.GlobalExceptionHandler#handleGlobalError(Exception)
2026-02-04 00:03:47,804 DEBUG o.s.w.s.m.m.a.AbstractMessageConverterMethodProcessor [http-nio-8080-exec-4] Using 'application/json', given [*/*] and supported [application/json, application/*+json]
2026-02-04 00:03:47,804 DEBUG o.s.c.l.LogFormatUtils [http-nio-8080-exec-4] Writing [ErrorResponse(code=500, message=An unexpected error occurred, title=Internal Server Error, error={})]
2026-02-04 00:03:47,805 DEBUG o.s.w.s.h.AbstractHandlerExceptionResolver [http-nio-8080-exec-4] Resolved [org.hibernate.query.ParameterLabelException: Participante con ID:6no encontrado]
2026-02-04 00:03:47,805 DEBUG o.s.w.s.FrameworkServlet [http-nio-8080-exec-4] Completed 500 INTERNAL_SERVER_ERROR
2026-02-04 00:03:51,272 DEBUG o.s.c.l.LogFormatUtils [http-nio-8080-exec-6] GET "/participantes/7", parameters={}
2026-02-04 00:03:51,273 DEBUG o.s.w.s.h.AbstractHandlerMapping [http-nio-8080-exec-6] Mapped to com.svalero.asociation.controller.ParticipanteController#getParticipanteById(long)
2026-02-04 00:03:51,275 DEBUG o.s.w.s.m.m.a.ExceptionHandlerExceptionResolver [http-nio-8080-exec-6] Using @ExceptionHandler com.svalero.asociation.exception.GlobalExceptionHandler#handleGlobalError(Exception)
2026-02-04 00:03:51,275 DEBUG o.s.w.s.m.m.a.AbstractMessageConverterMethodProcessor [http-nio-8080-exec-6] Using 'application/json', given [*/*] and supported [application/json, application/*+json]
2026-02-04 00:03:51,275 DEBUG o.s.c.l.LogFormatUtils [http-nio-8080-exec-6] Writing [ErrorResponse(code=500, message=An unexpected error occurred, title=Internal Server Error, error={})]
2026-02-04 00:03:51,276 DEBUG o.s.w.s.h.AbstractHandlerExceptionResolver [http-nio-8080-exec-6] Resolved [org.hibernate.query.ParameterLabelException: Participante con ID:7no encontrado]
2026-02-04 00:03:51,276 DEBUG o.s.w.s.FrameworkServlet [http-nio-8080-exec-6] Completed 500 INTERNAL_SERVER_ERROR
2026-02-04 00:03:53,933 DEBUG o.s.c.l.LogFormatUtils [http-nio-8080-exec-8] GET "/participantes/3", parameters={}
2026-02-04 00:03:53,934 DEBUG o.s.w.s.h.AbstractHandlerMapping [http-nio-8080-exec-8] Mapped to com.svalero.asociation.controller.ParticipanteController#getParticipanteById(long)
2026-02-04 00:03:53,936 INFO c.s.a.c.ParticipanteController [http-nio-8080-exec-8] GET/participantes/{id}
2026-02-04 00:03:53,937 DEBUG o.s.w.s.m.m.a.AbstractMessageConverterMethodProcessor [http-nio-8080-exec-8] Using 'application/json', given [*/*] and supported [application/json, application/*+json]
2026-02-04 00:03:53,939 DEBUG o.s.c.l.LogFormatUtils [http-nio-8080-exec-8] Writing [Participante(id=3, dni=12345678X, name=Alejandro, surname=García, email=alejandro.garcia@example.com (truncated)...]
2026-02-04 00:03:53,940 DEBUG o.s.w.s.FrameworkServlet [http-nio-8080-exec-8] Completed 200 OK
2026-02-04 00:04:43,862 INFO o.s.b.w.e.t.GracefulShutdown [SpringApplicationShutdownHook] Commencing graceful shutdown. Waiting for active requests to complete
2026-02-04 00:04:43,868 INFO o.s.b.w.e.t.GracefulShutdown [tomcat-shutdown] Graceful shutdown complete
2026-02-04 00:04:43,870 INFO o.s.o.j.AbstractEntityManagerFactoryBean [SpringApplicationShutdownHook] Closing JPA EntityManagerFactory for persistence unit 'default'
2026-02-04 00:04:43,872 INFO c.z.h.HikariDataSource [SpringApplicationShutdownHook] HikariPool-1 - Shutdown initiated...
2026-02-04 00:04:43,874 INFO c.z.h.HikariDataSource [SpringApplicationShutdownHook] HikariPool-1 - Shutdown completed.
2026-02-04 00:07:29,286 INFO o.h.v.i.u.Version [background-preinit] HV000001: Hibernate Validator 8.0.3.Final
2026-02-04 00:07:29,321 INFO o.s.b.StartupInfoLogger [main] Starting AsociationApplication using Java 25.0.1 with PID 7084 (C:\Users\Usuario\Desktop\DAM\2\AccesoDatos\asociation\target\classes started by Usuario in C:\Users\Usuario\Desktop\DAM\2\AccesoDatos\asociation)
2026-02-04 00:07:29,321 INFO o.s.b.SpringApplication [main] No active profile set, falling back to 1 default profile: "default"
2026-02-04 00:07:29,784 INFO o.s.d.r.c.RepositoryConfigurationDelegate [main] Bootstrapping Spring Data JPA repositories in DEFAULT mode.
2026-02-04 00:07:29,841 INFO o.s.d.r.c.RepositoryConfigurationDelegate [main] Finished Spring Data repository scanning in 50 ms. Found 5 JPA repository interfaces.
2026-02-04 00:07:30,232 INFO o.s.b.w.e.t.TomcatWebServer [main] Tomcat initialized with port 8080 (http)
2026-02-04 00:07:30,242 INFO o.a.j.l.DirectJDKLog [main] Initializing ProtocolHandler ["http-nio-8080"]
2026-02-04 00:07:30,243 INFO o.a.j.l.DirectJDKLog [main] Starting service [Tomcat]
2026-02-04 00:07:30,244 INFO o.a.j.l.DirectJDKLog [main] Starting Servlet engine: [Apache Tomcat/10.1.49]
2026-02-04 00:07:30,296 INFO o.a.j.l.DirectJDKLog [main] Initializing Spring embedded WebApplicationContext
2026-02-04 00:07:30,297 INFO o.s.b.w.s.c.ServletWebServerApplicationContext [main] Root WebApplicationContext: initialization completed in 945 ms
2026-02-04 00:07:30,416 INFO o.h.j.i.u.LogHelper [main] HHH000204: Processing PersistenceUnitInfo [name: default]
2026-02-04 00:07:30,454 INFO o.h.Version [main] HHH000412: Hibernate ORM core version 6.6.36.Final
2026-02-04 00:07:30,478 INFO o.h.c.i.RegionFactoryInitiator [main] HHH000026: Second-level cache disabled
2026-02-04 00:07:30,690 INFO o.s.o.j.p.SpringPersistenceUnitInfo [main] No LoadTimeWeaver setup: ignoring JPA class transformer
2026-02-04 00:07:30,712 INFO c.z.h.HikariDataSource [main] HikariPool-1 - Starting...
2026-02-04 00:07:30,787 INFO c.z.h.p.HikariPool [main] HikariPool-1 - Added connection org.mariadb.jdbc.Connection@315b4202
2026-02-04 00:07:30,789 INFO c.z.h.HikariDataSource [main] HikariPool-1 - Start completed.
2026-02-04 00:07:30,809 WARN o.h.e.j.d.i.DialectFactoryImpl [main] HHH90000025: MariaDBDialect does not need to be specified explicitly using 'hibernate.dialect' (remove the property setting and it will be selected by default)
2026-02-04 00:07:30,822 INFO o.h.e.j.e.i.JdbcEnvironmentInitiator [main] HHH10001005: Database info:
	Database JDBC URL [Connecting through datasource 'HikariDataSource (HikariPool-1)']
	Database driver: undefined/unknown
	Database version: 11.8.2
	Autocommit mode: undefined/unknown
	Isolation level: undefined/unknown
	Minimum pool size: undefined/unknown
	Maximum pool size: undefined/unknown
2026-02-04 00:07:31,566 INFO o.h.e.t.j.p.i.JtaPlatformInitiator [main] HHH000489: No JTA platform available (set 'hibernate.transaction.jta.platform' to enable JTA platform integration)
2026-02-04 00:07:31,607 INFO o.s.o.j.AbstractEntityManagerFactoryBean [main] Initialized JPA EntityManagerFactory for persistence unit 'default'
2026-02-04 00:07:31,803 INFO o.s.d.j.r.q.QueryEnhancerFactory [main] Hibernate is in classpath; If applicable, HQL parser will be used.
2026-02-04 00:07:32,376 WARN o.s.b.a.o.j.JpaBaseConfiguration$JpaWebConfiguration [main] spring.jpa.open-in-view is enabled by default. Therefore, database queries may be performed during view rendering. Explicitly configure spring.jpa.open-in-view to disable this warning
2026-02-04 00:07:32,447 DEBUG o.s.w.s.h.AbstractHandlerMethodMapping [main] 28 mappings in 'requestMappingHandlerMapping'
2026-02-04 00:07:32,498 DEBUG o.s.w.s.h.SimpleUrlHandlerMapping [main] Patterns [/webjars/**, /**] in 'resourceHandlerMapping'
2026-02-04 00:07:32,514 DEBUG o.s.w.s.m.m.a.RequestMappingHandlerAdapter [main] ControllerAdvice beans: 0 @ModelAttribute, 0 @InitBinder, 1 RequestBodyAdvice, 1 ResponseBodyAdvice
2026-02-04 00:07:32,544 DEBUG o.s.w.s.m.m.a.ExceptionHandlerExceptionResolver [main] ControllerAdvice beans: 1 @ExceptionHandler, 1 ResponseBodyAdvice
2026-02-04 00:07:32,596 INFO o.a.j.l.DirectJDKLog [main] Starting ProtocolHandler ["http-nio-8080"]
2026-02-04 00:07:32,610 INFO o.s.b.w.e.t.TomcatWebServer [main] Tomcat started on port 8080 (http) with context path '/'
2026-02-04 00:07:32,616 INFO o.s.b.StartupInfoLogger [main] Started AsociationApplication in 3.678 seconds (process running for 3.936)
2026-02-04 00:16:13,007 INFO o.s.b.w.e.t.GracefulShutdown [SpringApplicationShutdownHook] Commencing graceful shutdown. Waiting for active requests to complete
2026-02-04 00:16:13,013 INFO o.s.b.w.e.t.GracefulShutdown [tomcat-shutdown] Graceful shutdown complete
2026-02-04 00:16:13,017 INFO o.s.o.j.AbstractEntityManagerFactoryBean [SpringApplicationShutdownHook] Closing JPA EntityManagerFactory for persistence unit 'default'
2026-02-04 00:16:13,019 INFO c.z.h.HikariDataSource [SpringApplicationShutdownHook] HikariPool-1 - Shutdown initiated...
2026-02-04 00:16:13,021 INFO c.z.h.HikariDataSource [SpringApplicationShutdownHook] HikariPool-1 - Shutdown completed.
