2026-02-13 11:28:00,691 INFO o.h.v.i.u.Version [background-preinit] HV000001: Hibernate Validator 8.0.3.Final
2026-02-13 11:28:00,739 INFO o.s.b.StartupInfoLogger [main] Starting AsociationApplication using Java 25.0.1 with PID 14340 (C:\Users\Usuario\Desktop\DAM\2\AccesoDatos\asociation\target\classes started by Usuario in C:\Users\Usuario\Desktop\DAM\2\AccesoDatos\asociation)
2026-02-13 11:28:00,740 INFO o.s.b.SpringApplication [main] No active profile set, falling back to 1 default profile: "default"
2026-02-13 11:28:01,335 INFO o.s.d.r.c.RepositoryConfigurationDelegate [main] Bootstrapping Spring Data JPA repositories in DEFAULT mode.
2026-02-13 11:28:01,420 INFO o.s.d.r.c.RepositoryConfigurationDelegate [main] Finished Spring Data repository scanning in 76 ms. Found 5 JPA repository interfaces.
2026-02-13 11:28:02,046 INFO o.s.b.w.e.t.TomcatWebServer [main] Tomcat initialized with port 8080 (http)
2026-02-13 11:28:02,063 INFO o.a.j.l.DirectJDKLog [main] Initializing ProtocolHandler ["http-nio-8080"]
2026-02-13 11:28:02,068 INFO o.a.j.l.DirectJDKLog [main] Starting service [Tomcat]
2026-02-13 11:28:02,068 INFO o.a.j.l.DirectJDKLog [main] Starting Servlet engine: [Apache Tomcat/10.1.49]
2026-02-13 11:28:02,136 INFO o.a.j.l.DirectJDKLog [main] Initializing Spring embedded WebApplicationContext
2026-02-13 11:28:02,136 INFO o.s.b.w.s.c.ServletWebServerApplicationContext [main] Root WebApplicationContext: initialization completed in 1360 ms
2026-02-13 11:28:02,254 INFO o.h.j.i.u.LogHelper [main] HHH000204: Processing PersistenceUnitInfo [name: default]
2026-02-13 11:28:02,310 INFO o.h.Version [main] HHH000412: Hibernate ORM core version 6.6.36.Final
2026-02-13 11:28:02,350 INFO o.h.c.i.RegionFactoryInitiator [main] HHH000026: Second-level cache disabled
2026-02-13 11:28:02,609 INFO o.s.o.j.p.SpringPersistenceUnitInfo [main] No LoadTimeWeaver setup: ignoring JPA class transformer
2026-02-13 11:28:02,637 INFO c.z.h.HikariDataSource [main] HikariPool-1 - Starting...
2026-02-13 11:28:02,728 INFO c.z.h.p.HikariPool [main] HikariPool-1 - Added connection org.mariadb.jdbc.Connection@699e0bf0
2026-02-13 11:28:02,730 INFO c.z.h.HikariDataSource [main] HikariPool-1 - Start completed.
2026-02-13 11:28:02,756 WARN o.h.e.j.d.i.DialectFactoryImpl [main] HHH90000025: MariaDBDialect does not need to be specified explicitly using 'hibernate.dialect' (remove the property setting and it will be selected by default)
2026-02-13 11:28:02,770 INFO o.h.e.j.e.i.JdbcEnvironmentInitiator [main] HHH10001005: Database info:
	Database JDBC URL [Connecting through datasource 'HikariDataSource (HikariPool-1)']
	Database driver: undefined/unknown
	Database version: 11.8.2
	Autocommit mode: undefined/unknown
	Isolation level: undefined/unknown
	Minimum pool size: undefined/unknown
	Maximum pool size: undefined/unknown
2026-02-13 11:28:03,643 INFO o.h.e.t.j.p.i.JtaPlatformInitiator [main] HHH000489: No JTA platform available (set 'hibernate.transaction.jta.platform' to enable JTA platform integration)
2026-02-13 11:28:03,691 INFO o.s.o.j.AbstractEntityManagerFactoryBean [main] Initialized JPA EntityManagerFactory for persistence unit 'default'
2026-02-13 11:28:03,892 INFO o.s.d.j.r.q.QueryEnhancerFactory [main] Hibernate is in classpath; If applicable, HQL parser will be used.
2026-02-13 11:28:04,619 WARN o.s.b.a.o.j.JpaBaseConfiguration$JpaWebConfiguration [main] spring.jpa.open-in-view is enabled by default. Therefore, database queries may be performed during view rendering. Explicitly configure spring.jpa.open-in-view to disable this warning
2026-02-13 11:28:04,699 DEBUG o.s.w.s.h.AbstractHandlerMethodMapping [main] 28 mappings in 'requestMappingHandlerMapping'
2026-02-13 11:28:04,760 DEBUG o.s.w.s.h.SimpleUrlHandlerMapping [main] Patterns [/webjars/**, /**] in 'resourceHandlerMapping'
2026-02-13 11:28:04,788 DEBUG o.s.w.s.m.m.a.RequestMappingHandlerAdapter [main] ControllerAdvice beans: 0 @ModelAttribute, 0 @InitBinder, 1 RequestBodyAdvice, 1 ResponseBodyAdvice
2026-02-13 11:28:04,833 DEBUG o.s.w.s.m.m.a.ExceptionHandlerExceptionResolver [main] ControllerAdvice beans: 1 @ExceptionHandler, 1 ResponseBodyAdvice
2026-02-13 11:28:04,907 INFO o.a.j.l.DirectJDKLog [main] Starting ProtocolHandler ["http-nio-8080"]
2026-02-13 11:28:04,924 INFO o.s.b.w.e.t.TomcatWebServer [main] Tomcat started on port 8080 (http) with context path '/'
2026-02-13 11:28:04,930 INFO o.s.b.StartupInfoLogger [main] Started AsociationApplication in 4.669 seconds (process running for 4.975)
2026-02-13 11:28:10,568 INFO o.a.j.l.DirectJDKLog [http-nio-8080-exec-2] Initializing Spring DispatcherServlet 'dispatcherServlet'
2026-02-13 11:28:10,569 INFO o.s.w.s.FrameworkServlet [http-nio-8080-exec-2] Initializing Servlet 'dispatcherServlet'
2026-02-13 11:28:10,569 DEBUG o.s.w.s.DispatcherServlet [http-nio-8080-exec-2] Detected StandardServletMultipartResolver
2026-02-13 11:28:10,569 DEBUG o.s.w.s.DispatcherServlet [http-nio-8080-exec-2] Detected AcceptHeaderLocaleResolver
2026-02-13 11:28:10,570 DEBUG o.s.w.s.DispatcherServlet [http-nio-8080-exec-2] Detected FixedThemeResolver
2026-02-13 11:28:10,570 DEBUG o.s.w.s.DispatcherServlet [http-nio-8080-exec-2] Detected org.springframework.web.servlet.view.DefaultRequestToViewNameTranslator@639ad5d9
2026-02-13 11:28:10,571 DEBUG o.s.w.s.DispatcherServlet [http-nio-8080-exec-2] Detected org.springframework.web.servlet.support.SessionFlashMapManager@161138c8
2026-02-13 11:28:10,571 DEBUG o.s.w.s.FrameworkServlet [http-nio-8080-exec-2] enableLoggingRequestDetails='false': request parameters and headers will be masked to prevent unsafe logging of potentially sensitive data
2026-02-13 11:28:10,571 INFO o.s.w.s.FrameworkServlet [http-nio-8080-exec-2] Completed initialization in 2 ms
2026-02-13 11:28:10,578 DEBUG o.s.c.l.LogFormatUtils [http-nio-8080-exec-2] GET "/socios", parameters={}
2026-02-13 11:28:10,587 DEBUG o.s.w.s.h.AbstractHandlerMapping [http-nio-8080-exec-2] Mapped to com.svalero.asociation.controller.SocioController#getAllByAllFilters(String, Boolean, LocalDate)
2026-02-13 11:28:10,606 INFO c.s.a.c.SocioController [http-nio-8080-exec-2] GET/socios
2026-02-13 11:28:10,690 INFO c.s.a.s.SocioService [http-nio-8080-exec-2] Searching with filters: null null null
2026-02-13 11:28:10,710 DEBUG o.s.w.s.m.m.a.AbstractMessageConverterMethodProcessor [http-nio-8080-exec-2] Using 'application/json', given [*/*] and supported [application/json, application/*+json]
2026-02-13 11:28:10,713 DEBUG o.s.c.l.LogFormatUtils [http-nio-8080-exec-2] Writing [[SocioDto(id=1, dni=65411896J, name=Roberto, surname=Faci, email=emial@email.com, phoneNumber=888-45 (truncated)...]
2026-02-13 11:28:10,750 DEBUG o.s.w.s.FrameworkServlet [http-nio-8080-exec-2] Completed 200 OK
2026-02-13 11:28:22,840 INFO o.s.b.w.e.t.GracefulShutdown [SpringApplicationShutdownHook] Commencing graceful shutdown. Waiting for active requests to complete
2026-02-13 11:28:22,845 INFO o.s.b.w.e.t.GracefulShutdown [tomcat-shutdown] Graceful shutdown complete
2026-02-13 11:28:22,848 INFO o.s.o.j.AbstractEntityManagerFactoryBean [SpringApplicationShutdownHook] Closing JPA EntityManagerFactory for persistence unit 'default'
2026-02-13 11:28:22,850 INFO c.z.h.HikariDataSource [SpringApplicationShutdownHook] HikariPool-1 - Shutdown initiated...
2026-02-13 11:28:22,852 INFO c.z.h.HikariDataSource [SpringApplicationShutdownHook] HikariPool-1 - Shutdown completed.
2026-02-13 15:56:02,448 INFO o.h.v.i.u.Version [background-preinit] HV000001: Hibernate Validator 8.0.3.Final
2026-02-13 15:56:02,508 INFO o.s.b.StartupInfoLogger [main] Starting AsociationApplication using Java 25.0.1 with PID 8576 (C:\Users\Usuario\Desktop\DAM\2\AccesoDatos\asociation\target\classes started by Usuario in C:\Users\Usuario\Desktop\DAM\2\AccesoDatos\asociation)
2026-02-13 15:56:02,508 INFO o.s.b.SpringApplication [main] No active profile set, falling back to 1 default profile: "default"
2026-02-13 15:56:03,044 INFO o.s.d.r.c.RepositoryConfigurationDelegate [main] Bootstrapping Spring Data JPA repositories in DEFAULT mode.
2026-02-13 15:56:03,107 INFO o.s.d.r.c.RepositoryConfigurationDelegate [main] Finished Spring Data repository scanning in 55 ms. Found 5 JPA repository interfaces.
2026-02-13 15:56:03,559 INFO o.s.b.w.e.t.TomcatWebServer [main] Tomcat initialized with port 8080 (http)
2026-02-13 15:56:03,571 INFO o.a.j.l.DirectJDKLog [main] Initializing ProtocolHandler ["http-nio-8080"]
2026-02-13 15:56:03,574 INFO o.a.j.l.DirectJDKLog [main] Starting service [Tomcat]
2026-02-13 15:56:03,575 INFO o.a.j.l.DirectJDKLog [main] Starting Servlet engine: [Apache Tomcat/10.1.49]
2026-02-13 15:56:03,654 INFO o.a.j.l.DirectJDKLog [main] Initializing Spring embedded WebApplicationContext
2026-02-13 15:56:03,654 INFO o.s.b.w.s.c.ServletWebServerApplicationContext [main] Root WebApplicationContext: initialization completed in 1106 ms
2026-02-13 15:56:03,793 INFO o.h.j.i.u.LogHelper [main] HHH000204: Processing PersistenceUnitInfo [name: default]
2026-02-13 15:56:03,853 INFO o.h.Version [main] HHH000412: Hibernate ORM core version 6.6.36.Final
2026-02-13 15:56:03,888 INFO o.h.c.i.RegionFactoryInitiator [main] HHH000026: Second-level cache disabled
2026-02-13 15:56:04,159 INFO o.s.o.j.p.SpringPersistenceUnitInfo [main] No LoadTimeWeaver setup: ignoring JPA class transformer
2026-02-13 15:56:04,189 INFO c.z.h.HikariDataSource [main] HikariPool-1 - Starting...
2026-02-13 15:56:04,304 INFO c.z.h.p.HikariPool [main] HikariPool-1 - Added connection org.mariadb.jdbc.Connection@49e479da
2026-02-13 15:56:04,306 INFO c.z.h.HikariDataSource [main] HikariPool-1 - Start completed.
2026-02-13 15:56:04,331 WARN o.h.e.j.d.i.DialectFactoryImpl [main] HHH90000025: MariaDBDialect does not need to be specified explicitly using 'hibernate.dialect' (remove the property setting and it will be selected by default)
2026-02-13 15:56:04,348 INFO o.h.e.j.e.i.JdbcEnvironmentInitiator [main] HHH10001005: Database info:
	Database JDBC URL [Connecting through datasource 'HikariDataSource (HikariPool-1)']
	Database driver: undefined/unknown
	Database version: 11.8.2
	Autocommit mode: undefined/unknown
	Isolation level: undefined/unknown
	Minimum pool size: undefined/unknown
	Maximum pool size: undefined/unknown
2026-02-13 15:56:05,204 INFO o.h.e.t.j.p.i.JtaPlatformInitiator [main] HHH000489: No JTA platform available (set 'hibernate.transaction.jta.platform' to enable JTA platform integration)
2026-02-13 15:56:05,276 INFO o.s.o.j.AbstractEntityManagerFactoryBean [main] Initialized JPA EntityManagerFactory for persistence unit 'default'
2026-02-13 15:56:05,488 INFO o.s.d.j.r.q.QueryEnhancerFactory [main] Hibernate is in classpath; If applicable, HQL parser will be used.
2026-02-13 15:56:06,252 WARN o.s.b.a.o.j.JpaBaseConfiguration$JpaWebConfiguration [main] spring.jpa.open-in-view is enabled by default. Therefore, database queries may be performed during view rendering. Explicitly configure spring.jpa.open-in-view to disable this warning
2026-02-13 15:56:06,335 DEBUG o.s.w.s.h.AbstractHandlerMethodMapping [main] 28 mappings in 'requestMappingHandlerMapping'
2026-02-13 15:56:06,397 DEBUG o.s.w.s.h.SimpleUrlHandlerMapping [main] Patterns [/webjars/**, /**] in 'resourceHandlerMapping'
2026-02-13 15:56:06,423 DEBUG o.s.w.s.m.m.a.RequestMappingHandlerAdapter [main] ControllerAdvice beans: 0 @ModelAttribute, 0 @InitBinder, 1 RequestBodyAdvice, 1 ResponseBodyAdvice
2026-02-13 15:56:06,463 DEBUG o.s.w.s.m.m.a.ExceptionHandlerExceptionResolver [main] ControllerAdvice beans: 1 @ExceptionHandler, 1 ResponseBodyAdvice
2026-02-13 15:56:06,528 INFO o.a.j.l.DirectJDKLog [main] Starting ProtocolHandler ["http-nio-8080"]
2026-02-13 15:56:06,550 INFO o.s.b.w.e.t.TomcatWebServer [main] Tomcat started on port 8080 (http) with context path '/'
2026-02-13 15:56:06,557 INFO o.s.b.StartupInfoLogger [main] Started AsociationApplication in 4.579 seconds (process running for 4.909)
2026-02-13 15:56:32,332 INFO o.a.j.l.DirectJDKLog [http-nio-8080-exec-1] Initializing Spring DispatcherServlet 'dispatcherServlet'
2026-02-13 15:56:32,332 INFO o.s.w.s.FrameworkServlet [http-nio-8080-exec-1] Initializing Servlet 'dispatcherServlet'
2026-02-13 15:56:32,333 DEBUG o.s.w.s.DispatcherServlet [http-nio-8080-exec-1] Detected StandardServletMultipartResolver
2026-02-13 15:56:32,333 DEBUG o.s.w.s.DispatcherServlet [http-nio-8080-exec-1] Detected AcceptHeaderLocaleResolver
2026-02-13 15:56:32,333 DEBUG o.s.w.s.DispatcherServlet [http-nio-8080-exec-1] Detected FixedThemeResolver
2026-02-13 15:56:32,334 DEBUG o.s.w.s.DispatcherServlet [http-nio-8080-exec-1] Detected org.springframework.web.servlet.view.DefaultRequestToViewNameTranslator@71590f85
2026-02-13 15:56:32,334 DEBUG o.s.w.s.DispatcherServlet [http-nio-8080-exec-1] Detected org.springframework.web.servlet.support.SessionFlashMapManager@1baf1268
2026-02-13 15:56:32,335 DEBUG o.s.w.s.FrameworkServlet [http-nio-8080-exec-1] enableLoggingRequestDetails='false': request parameters and headers will be masked to prevent unsafe logging of potentially sensitive data
2026-02-13 15:56:32,336 INFO o.s.w.s.FrameworkServlet [http-nio-8080-exec-1] Completed initialization in 3 ms
2026-02-13 15:56:32,341 DEBUG o.s.c.l.LogFormatUtils [http-nio-8080-exec-1] GET "/socios", parameters={}
2026-02-13 15:56:32,356 DEBUG o.s.w.s.h.AbstractHandlerMapping [http-nio-8080-exec-1] Mapped to com.svalero.asociation.controller.SocioController#getAllByAllFilters(String, Boolean, LocalDate)
2026-02-13 15:56:32,376 INFO c.s.a.c.SocioController [http-nio-8080-exec-1] GET/socios
2026-02-13 15:56:32,474 INFO c.s.a.s.SocioService [http-nio-8080-exec-1] Searching with filters: null null null
2026-02-13 15:56:32,500 DEBUG o.s.w.s.m.m.a.AbstractMessageConverterMethodProcessor [http-nio-8080-exec-1] Using 'application/json', given [*/*] and supported [application/json, application/*+json]
2026-02-13 15:56:32,504 DEBUG o.s.c.l.LogFormatUtils [http-nio-8080-exec-1] Writing [[SocioDto(id=1, dni=65411896J, name=Roberto, surname=Faci, email=emial@email.com, phoneNumber=888-45 (truncated)...]
2026-02-13 15:56:32,542 DEBUG o.s.w.s.FrameworkServlet [http-nio-8080-exec-1] Completed 200 OK
2026-02-13 15:56:53,027 DEBUG o.s.c.l.LogFormatUtils [http-nio-8080-exec-3] GET "/participantes", parameters={}
2026-02-13 15:56:53,028 DEBUG o.s.w.s.h.AbstractHandlerMapping [http-nio-8080-exec-3] Mapped to com.svalero.asociation.controller.ParticipanteController#getAll(LocalDate, String, String)
2026-02-13 15:56:53,033 INFO c.s.a.s.ParticipanteService [http-nio-8080-exec-3] Searching with filters: null null null
2026-02-13 15:56:53,035 INFO c.s.a.c.ParticipanteController [http-nio-8080-exec-3] GET/participantes
2026-02-13 15:56:53,038 DEBUG o.s.w.s.m.m.a.AbstractMessageConverterMethodProcessor [http-nio-8080-exec-3] Using 'application/json', given [*/*] and supported [application/json, application/*+json]
2026-02-13 15:56:53,039 DEBUG o.s.c.l.LogFormatUtils [http-nio-8080-exec-3] Writing [[ParticipanteDto(id=1, dni=97046634P, name=María, surname=Tolano Mendoza, email=anyemail@hotmail.com (truncated)...]
2026-02-13 15:56:53,041 DEBUG o.s.w.s.FrameworkServlet [http-nio-8080-exec-3] Completed 200 OK
2026-02-13 15:56:58,732 INFO o.s.b.w.e.t.GracefulShutdown [SpringApplicationShutdownHook] Commencing graceful shutdown. Waiting for active requests to complete
2026-02-13 15:56:58,738 INFO o.s.b.w.e.t.GracefulShutdown [tomcat-shutdown] Graceful shutdown complete
2026-02-13 15:56:58,740 INFO o.s.o.j.AbstractEntityManagerFactoryBean [SpringApplicationShutdownHook] Closing JPA EntityManagerFactory for persistence unit 'default'
2026-02-13 15:56:58,742 INFO c.z.h.HikariDataSource [SpringApplicationShutdownHook] HikariPool-1 - Shutdown initiated...
2026-02-13 15:56:58,745 INFO c.z.h.HikariDataSource [SpringApplicationShutdownHook] HikariPool-1 - Shutdown completed.
