2026-02-15 16:47:04,505 INFO o.h.v.i.u.Version [background-preinit] HV000001: Hibernate Validator 8.0.3.Final
2026-02-15 16:47:04,550 INFO o.s.b.StartupInfoLogger [main] Starting AsociationApplication using Java 25.0.1 with PID 20420 (C:\Users\Usuario\Desktop\DAM\2\AccesoDatos\asociation\target\classes started by Usuario in C:\Users\Usuario\Desktop\DAM\2\AccesoDatos\asociation)
2026-02-15 16:47:04,550 INFO o.s.b.SpringApplication [main] No active profile set, falling back to 1 default profile: "default"
2026-02-15 16:47:05,105 INFO o.s.d.r.c.RepositoryConfigurationDelegate [main] Bootstrapping Spring Data JPA repositories in DEFAULT mode.
2026-02-15 16:47:05,173 INFO o.s.d.r.c.RepositoryConfigurationDelegate [main] Finished Spring Data repository scanning in 56 ms. Found 5 JPA repository interfaces.
2026-02-15 16:47:05,637 INFO o.s.b.w.e.t.TomcatWebServer [main] Tomcat initialized with port 8080 (http)
2026-02-15 16:47:05,649 INFO o.a.j.l.DirectJDKLog [main] Initializing ProtocolHandler ["http-nio-8080"]
2026-02-15 16:47:05,651 INFO o.a.j.l.DirectJDKLog [main] Starting service [Tomcat]
2026-02-15 16:47:05,652 INFO o.a.j.l.DirectJDKLog [main] Starting Servlet engine: [Apache Tomcat/10.1.49]
2026-02-15 16:47:05,725 INFO o.a.j.l.DirectJDKLog [main] Initializing Spring embedded WebApplicationContext
2026-02-15 16:47:05,725 INFO o.s.b.w.s.c.ServletWebServerApplicationContext [main] Root WebApplicationContext: initialization completed in 1141 ms
2026-02-15 16:47:05,865 INFO o.h.j.i.u.LogHelper [main] HHH000204: Processing PersistenceUnitInfo [name: default]
2026-02-15 16:47:05,941 INFO o.h.Version [main] HHH000412: Hibernate ORM core version 6.6.36.Final
2026-02-15 16:47:05,979 INFO o.h.c.i.RegionFactoryInitiator [main] HHH000026: Second-level cache disabled
2026-02-15 16:47:06,288 INFO o.s.o.j.p.SpringPersistenceUnitInfo [main] No LoadTimeWeaver setup: ignoring JPA class transformer
2026-02-15 16:47:06,341 INFO c.z.h.HikariDataSource [main] HikariPool-1 - Starting...
2026-02-15 16:47:06,505 INFO c.z.h.p.HikariPool [main] HikariPool-1 - Added connection org.mariadb.jdbc.Connection@2969a9a6
2026-02-15 16:47:06,507 INFO c.z.h.HikariDataSource [main] HikariPool-1 - Start completed.
2026-02-15 16:47:06,548 WARN o.h.e.j.d.i.DialectFactoryImpl [main] HHH90000025: MariaDBDialect does not need to be specified explicitly using 'hibernate.dialect' (remove the property setting and it will be selected by default)
2026-02-15 16:47:06,566 INFO o.h.e.j.e.i.JdbcEnvironmentInitiator [main] HHH10001005: Database info:
	Database JDBC URL [Connecting through datasource 'HikariDataSource (HikariPool-1)']
	Database driver: undefined/unknown
	Database version: 11.8.2
	Autocommit mode: undefined/unknown
	Isolation level: undefined/unknown
	Minimum pool size: undefined/unknown
	Maximum pool size: undefined/unknown
2026-02-15 16:47:07,806 INFO o.h.e.t.j.p.i.JtaPlatformInitiator [main] HHH000489: No JTA platform available (set 'hibernate.transaction.jta.platform' to enable JTA platform integration)
2026-02-15 16:47:07,873 INFO o.s.o.j.AbstractEntityManagerFactoryBean [main] Initialized JPA EntityManagerFactory for persistence unit 'default'
2026-02-15 16:47:08,117 INFO o.s.d.j.r.q.QueryEnhancerFactory [main] Hibernate is in classpath; If applicable, HQL parser will be used.
2026-02-15 16:47:08,885 WARN o.s.b.a.o.j.JpaBaseConfiguration$JpaWebConfiguration [main] spring.jpa.open-in-view is enabled by default. Therefore, database queries may be performed during view rendering. Explicitly configure spring.jpa.open-in-view to disable this warning
2026-02-15 16:47:08,963 DEBUG o.s.w.s.h.AbstractHandlerMethodMapping [main] 28 mappings in 'requestMappingHandlerMapping'
2026-02-15 16:47:09,028 DEBUG o.s.w.s.h.SimpleUrlHandlerMapping [main] Patterns [/webjars/**, /**] in 'resourceHandlerMapping'
2026-02-15 16:47:09,053 DEBUG o.s.w.s.m.m.a.RequestMappingHandlerAdapter [main] ControllerAdvice beans: 0 @ModelAttribute, 0 @InitBinder, 1 RequestBodyAdvice, 1 ResponseBodyAdvice
2026-02-15 16:47:09,099 DEBUG o.s.w.s.m.m.a.ExceptionHandlerExceptionResolver [main] ControllerAdvice beans: 1 @ExceptionHandler, 1 ResponseBodyAdvice
2026-02-15 16:47:09,160 INFO o.a.j.l.DirectJDKLog [main] Starting ProtocolHandler ["http-nio-8080"]
2026-02-15 16:47:09,179 INFO o.s.b.w.e.t.TomcatWebServer [main] Tomcat started on port 8080 (http) with context path '/'
2026-02-15 16:47:09,185 INFO o.s.b.StartupInfoLogger [main] Started AsociationApplication in 5.204 seconds (process running for 5.535)
2026-02-15 16:58:45,553 INFO o.a.j.l.DirectJDKLog [http-nio-8080-exec-2] Initializing Spring DispatcherServlet 'dispatcherServlet'
2026-02-15 16:58:45,554 INFO o.s.w.s.FrameworkServlet [http-nio-8080-exec-2] Initializing Servlet 'dispatcherServlet'
2026-02-15 16:58:45,554 DEBUG o.s.w.s.DispatcherServlet [http-nio-8080-exec-2] Detected StandardServletMultipartResolver
2026-02-15 16:58:45,555 DEBUG o.s.w.s.DispatcherServlet [http-nio-8080-exec-2] Detected AcceptHeaderLocaleResolver
2026-02-15 16:58:45,555 DEBUG o.s.w.s.DispatcherServlet [http-nio-8080-exec-2] Detected FixedThemeResolver
2026-02-15 16:58:45,556 DEBUG o.s.w.s.DispatcherServlet [http-nio-8080-exec-2] Detected org.springframework.web.servlet.view.DefaultRequestToViewNameTranslator@41861964
2026-02-15 16:58:45,556 DEBUG o.s.w.s.DispatcherServlet [http-nio-8080-exec-2] Detected org.springframework.web.servlet.support.SessionFlashMapManager@6662af0a
2026-02-15 16:58:45,557 DEBUG o.s.w.s.FrameworkServlet [http-nio-8080-exec-2] enableLoggingRequestDetails='false': request parameters and headers will be masked to prevent unsafe logging of potentially sensitive data
2026-02-15 16:58:45,557 INFO o.s.w.s.FrameworkServlet [http-nio-8080-exec-2] Completed initialization in 3 ms
2026-02-15 16:58:45,563 DEBUG o.s.c.l.LogFormatUtils [http-nio-8080-exec-2] GET "/actividades", parameters={}
2026-02-15 16:58:45,574 DEBUG o.s.w.s.h.AbstractHandlerMapping [http-nio-8080-exec-2] Mapped to com.svalero.asociation.controller.ActividadController#getAll(LocalDate, Boolean, Float)
2026-02-15 16:58:45,592 INFO c.s.a.c.ActividadController [http-nio-8080-exec-2] GET/actividades
2026-02-15 16:58:45,707 INFO c.s.a.s.ActividadService [http-nio-8080-exec-2] Searching Actividad with filters: null null null
2026-02-15 16:58:45,732 DEBUG o.s.w.s.m.m.a.AbstractMessageConverterMethodProcessor [http-nio-8080-exec-2] Using 'application/json', given [*/*] and supported [application/json, application/*+json]
2026-02-15 16:58:45,735 DEBUG o.s.c.l.LogFormatUtils [http-nio-8080-exec-2] Writing [[ActividadOutDto(id=1, description=Carrera de 5 km, dayActivity=2026-04-18, duration=2.0, canJoin=tr (truncated)...]
2026-02-15 16:58:45,772 DEBUG o.s.w.s.FrameworkServlet [http-nio-8080-exec-2] Completed 200 OK
2026-02-15 17:30:27,974 INFO o.s.b.w.e.t.GracefulShutdown [SpringApplicationShutdownHook] Commencing graceful shutdown. Waiting for active requests to complete
2026-02-15 17:30:27,981 INFO o.s.b.w.e.t.GracefulShutdown [tomcat-shutdown] Graceful shutdown complete
2026-02-15 17:30:27,986 INFO o.s.o.j.AbstractEntityManagerFactoryBean [SpringApplicationShutdownHook] Closing JPA EntityManagerFactory for persistence unit 'default'
2026-02-15 17:30:27,989 INFO c.z.h.HikariDataSource [SpringApplicationShutdownHook] HikariPool-1 - Shutdown initiated...
2026-02-15 17:30:27,992 INFO c.z.h.HikariDataSource [SpringApplicationShutdownHook] HikariPool-1 - Shutdown completed.
2026-02-15 17:31:47,060 INFO o.h.v.i.u.Version [background-preinit] HV000001: Hibernate Validator 8.0.3.Final
2026-02-15 17:31:47,096 INFO o.s.b.StartupInfoLogger [main] Starting AsociationApplication using Java 25.0.1 with PID 19288 (C:\Users\Usuario\Desktop\DAM\2\AccesoDatos\asociation\target\classes started by Usuario in C:\Users\Usuario\Desktop\DAM\2\AccesoDatos\asociation)
2026-02-15 17:31:47,097 INFO o.s.b.SpringApplication [main] No active profile set, falling back to 1 default profile: "default"
2026-02-15 17:31:47,528 INFO o.s.d.r.c.RepositoryConfigurationDelegate [main] Bootstrapping Spring Data JPA repositories in DEFAULT mode.
2026-02-15 17:31:47,583 INFO o.s.d.r.c.RepositoryConfigurationDelegate [main] Finished Spring Data repository scanning in 47 ms. Found 5 JPA repository interfaces.
2026-02-15 17:31:47,959 INFO o.s.b.w.e.t.TomcatWebServer [main] Tomcat initialized with port 8080 (http)
2026-02-15 17:31:47,970 INFO o.a.j.l.DirectJDKLog [main] Initializing ProtocolHandler ["http-nio-8080"]
2026-02-15 17:31:47,974 INFO o.a.j.l.DirectJDKLog [main] Starting service [Tomcat]
2026-02-15 17:31:47,974 INFO o.a.j.l.DirectJDKLog [main] Starting Servlet engine: [Apache Tomcat/10.1.49]
2026-02-15 17:31:48,034 INFO o.a.j.l.DirectJDKLog [main] Initializing Spring embedded WebApplicationContext
2026-02-15 17:31:48,035 INFO o.s.b.w.s.c.ServletWebServerApplicationContext [main] Root WebApplicationContext: initialization completed in 905 ms
2026-02-15 17:31:48,156 INFO o.h.j.i.u.LogHelper [main] HHH000204: Processing PersistenceUnitInfo [name: default]
2026-02-15 17:31:48,211 INFO o.h.Version [main] HHH000412: Hibernate ORM core version 6.6.36.Final
2026-02-15 17:31:48,242 INFO o.h.c.i.RegionFactoryInitiator [main] HHH000026: Second-level cache disabled
2026-02-15 17:31:48,482 INFO o.s.o.j.p.SpringPersistenceUnitInfo [main] No LoadTimeWeaver setup: ignoring JPA class transformer
2026-02-15 17:31:48,509 INFO c.z.h.HikariDataSource [main] HikariPool-1 - Starting...
2026-02-15 17:31:48,586 INFO c.z.h.p.HikariPool [main] HikariPool-1 - Added connection org.mariadb.jdbc.Connection@12e007be
2026-02-15 17:31:48,588 INFO c.z.h.HikariDataSource [main] HikariPool-1 - Start completed.
2026-02-15 17:31:48,616 WARN o.h.e.j.d.i.DialectFactoryImpl [main] HHH90000025: MariaDBDialect does not need to be specified explicitly using 'hibernate.dialect' (remove the property setting and it will be selected by default)
2026-02-15 17:31:48,630 INFO o.h.e.j.e.i.JdbcEnvironmentInitiator [main] HHH10001005: Database info:
	Database JDBC URL [Connecting through datasource 'HikariDataSource (HikariPool-1)']
	Database driver: undefined/unknown
	Database version: 11.8.2
	Autocommit mode: undefined/unknown
	Isolation level: undefined/unknown
	Minimum pool size: undefined/unknown
	Maximum pool size: undefined/unknown
2026-02-15 17:31:49,494 INFO o.h.e.t.j.p.i.JtaPlatformInitiator [main] HHH000489: No JTA platform available (set 'hibernate.transaction.jta.platform' to enable JTA platform integration)
2026-02-15 17:31:49,554 INFO o.s.o.j.AbstractEntityManagerFactoryBean [main] Initialized JPA EntityManagerFactory for persistence unit 'default'
2026-02-15 17:31:49,726 INFO o.s.d.j.r.q.QueryEnhancerFactory [main] Hibernate is in classpath; If applicable, HQL parser will be used.
2026-02-15 17:31:50,441 WARN o.s.b.a.o.j.JpaBaseConfiguration$JpaWebConfiguration [main] spring.jpa.open-in-view is enabled by default. Therefore, database queries may be performed during view rendering. Explicitly configure spring.jpa.open-in-view to disable this warning
2026-02-15 17:31:50,504 DEBUG o.s.w.s.h.AbstractHandlerMethodMapping [main] 28 mappings in 'requestMappingHandlerMapping'
2026-02-15 17:31:50,558 DEBUG o.s.w.s.h.SimpleUrlHandlerMapping [main] Patterns [/webjars/**, /**] in 'resourceHandlerMapping'
2026-02-15 17:31:50,574 DEBUG o.s.w.s.m.m.a.RequestMappingHandlerAdapter [main] ControllerAdvice beans: 0 @ModelAttribute, 0 @InitBinder, 1 RequestBodyAdvice, 1 ResponseBodyAdvice
2026-02-15 17:31:50,607 DEBUG o.s.w.s.m.m.a.ExceptionHandlerExceptionResolver [main] ControllerAdvice beans: 1 @ExceptionHandler, 1 ResponseBodyAdvice
2026-02-15 17:31:50,662 INFO o.a.j.l.DirectJDKLog [main] Starting ProtocolHandler ["http-nio-8080"]
2026-02-15 17:31:50,683 INFO o.s.b.w.e.t.TomcatWebServer [main] Tomcat started on port 8080 (http) with context path '/'
2026-02-15 17:31:50,688 INFO o.s.b.StartupInfoLogger [main] Started AsociationApplication in 4.024 seconds (process running for 4.291)
2026-02-15 17:32:08,291 INFO o.a.j.l.DirectJDKLog [http-nio-8080-exec-2] Initializing Spring DispatcherServlet 'dispatcherServlet'
2026-02-15 17:32:08,292 INFO o.s.w.s.FrameworkServlet [http-nio-8080-exec-2] Initializing Servlet 'dispatcherServlet'
2026-02-15 17:32:08,292 DEBUG o.s.w.s.DispatcherServlet [http-nio-8080-exec-2] Detected StandardServletMultipartResolver
2026-02-15 17:32:08,292 DEBUG o.s.w.s.DispatcherServlet [http-nio-8080-exec-2] Detected AcceptHeaderLocaleResolver
2026-02-15 17:32:08,292 DEBUG o.s.w.s.DispatcherServlet [http-nio-8080-exec-2] Detected FixedThemeResolver
2026-02-15 17:32:08,293 DEBUG o.s.w.s.DispatcherServlet [http-nio-8080-exec-2] Detected org.springframework.web.servlet.view.DefaultRequestToViewNameTranslator@4fad5e7
2026-02-15 17:32:08,294 DEBUG o.s.w.s.DispatcherServlet [http-nio-8080-exec-2] Detected org.springframework.web.servlet.support.SessionFlashMapManager@71d3776
2026-02-15 17:32:08,294 DEBUG o.s.w.s.FrameworkServlet [http-nio-8080-exec-2] enableLoggingRequestDetails='false': request parameters and headers will be masked to prevent unsafe logging of potentially sensitive data
2026-02-15 17:32:08,294 INFO o.s.w.s.FrameworkServlet [http-nio-8080-exec-2] Completed initialization in 2 ms
2026-02-15 17:32:08,300 DEBUG o.s.c.l.LogFormatUtils [http-nio-8080-exec-2] GET "/participantes", parameters={}
2026-02-15 17:32:08,308 DEBUG o.s.w.s.h.AbstractHandlerMapping [http-nio-8080-exec-2] Mapped to com.svalero.asociation.controller.ParticipanteController#getAll(LocalDate, String, String)
2026-02-15 17:32:08,401 INFO c.s.a.s.ParticipanteService [http-nio-8080-exec-2] Searching with filters: null null null
2026-02-15 17:32:08,411 INFO c.s.a.c.ParticipanteController [http-nio-8080-exec-2] GET/participantes
2026-02-15 17:32:08,424 DEBUG o.s.w.s.m.m.a.AbstractMessageConverterMethodProcessor [http-nio-8080-exec-2] Using 'application/json', given [*/*] and supported [application/json, application/*+json]
2026-02-15 17:32:08,427 DEBUG o.s.c.l.LogFormatUtils [http-nio-8080-exec-2] Writing [[ParticipanteOutDto(id=1, dni=97046634P, name=María, surname=Tolano Mendoza, email=anyemail@hotmail. (truncated)...]
2026-02-15 17:32:08,463 DEBUG o.s.w.s.FrameworkServlet [http-nio-8080-exec-2] Completed 200 OK
2026-02-15 17:32:22,614 DEBUG o.s.c.l.LogFormatUtils [http-nio-8080-exec-3] POST "/actividades", parameters={}
2026-02-15 17:32:22,615 DEBUG o.s.w.s.h.AbstractHandlerMapping [http-nio-8080-exec-3] Mapped to com.svalero.asociation.controller.ActividadController#addActividad(Actividad)
2026-02-15 17:32:22,657 DEBUG o.s.c.l.LogFormatUtils [http-nio-8080-exec-3] Read "application/json;charset=UTF-8" to [Actividad(id=0, description=Visita a la Aljaferia, dayActivity=2026-04-08, typeActivity=Grupal, dura (truncated)...]
2026-02-15 17:32:22,714 INFO c.s.a.s.ActividadService [http-nio-8080-exec-3] Successfully created new socio with ID: 2
2026-02-15 17:32:22,714 INFO c.s.a.c.ActividadController [http-nio-8080-exec-3] POST/actividades
2026-02-15 17:32:22,719 DEBUG o.s.w.s.m.m.a.AbstractMessageConverterMethodProcessor [http-nio-8080-exec-3] Using 'application/json', given [*/*] and supported [application/json, application/*+json]
2026-02-15 17:32:22,719 DEBUG o.s.c.l.LogFormatUtils [http-nio-8080-exec-3] Writing [Actividad(id=2, description=Visita a la Aljaferia, dayActivity=2026-04-08, typeActivity=Grupal, dura (truncated)...]
2026-02-15 17:32:22,721 DEBUG o.s.w.s.FrameworkServlet [http-nio-8080-exec-3] Completed 201 CREATED
2026-02-15 19:17:30,383 INFO o.s.b.w.e.t.GracefulShutdown [SpringApplicationShutdownHook] Commencing graceful shutdown. Waiting for active requests to complete
2026-02-15 19:17:30,389 INFO o.s.b.w.e.t.GracefulShutdown [tomcat-shutdown] Graceful shutdown complete
2026-02-15 19:17:30,392 INFO o.s.o.j.AbstractEntityManagerFactoryBean [SpringApplicationShutdownHook] Closing JPA EntityManagerFactory for persistence unit 'default'
2026-02-15 19:17:30,394 INFO c.z.h.HikariDataSource [SpringApplicationShutdownHook] HikariPool-1 - Shutdown initiated...
2026-02-15 19:17:30,396 INFO c.z.h.HikariDataSource [SpringApplicationShutdownHook] HikariPool-1 - Shutdown completed.
2026-02-15 19:25:32,695 INFO o.h.v.i.u.Version [background-preinit] HV000001: Hibernate Validator 8.0.3.Final
2026-02-15 19:25:32,731 INFO o.s.b.StartupInfoLogger [main] Starting AsociationApplication using Java 25.0.1 with PID 3060 (C:\Users\Usuario\Desktop\DAM\2\AccesoDatos\asociation\target\classes started by Usuario in C:\Users\Usuario\Desktop\DAM\2\AccesoDatos\asociation)
2026-02-15 19:25:32,733 INFO o.s.b.SpringApplication [main] No active profile set, falling back to 1 default profile: "default"
2026-02-15 19:25:33,155 INFO o.s.d.r.c.RepositoryConfigurationDelegate [main] Bootstrapping Spring Data JPA repositories in DEFAULT mode.
2026-02-15 19:25:33,209 INFO o.s.d.r.c.RepositoryConfigurationDelegate [main] Finished Spring Data repository scanning in 47 ms. Found 5 JPA repository interfaces.
2026-02-15 19:25:33,559 INFO o.s.b.w.e.t.TomcatWebServer [main] Tomcat initialized with port 8080 (http)
2026-02-15 19:25:33,568 INFO o.a.j.l.DirectJDKLog [main] Initializing ProtocolHandler ["http-nio-8080"]
2026-02-15 19:25:33,571 INFO o.a.j.l.DirectJDKLog [main] Starting service [Tomcat]
2026-02-15 19:25:33,571 INFO o.a.j.l.DirectJDKLog [main] Starting Servlet engine: [Apache Tomcat/10.1.49]
2026-02-15 19:25:33,624 INFO o.a.j.l.DirectJDKLog [main] Initializing Spring embedded WebApplicationContext
2026-02-15 19:25:33,625 INFO o.s.b.w.s.c.ServletWebServerApplicationContext [main] Root WebApplicationContext: initialization completed in 861 ms
2026-02-15 19:25:33,733 INFO o.h.j.i.u.LogHelper [main] HHH000204: Processing PersistenceUnitInfo [name: default]
2026-02-15 19:25:33,770 INFO o.h.Version [main] HHH000412: Hibernate ORM core version 6.6.36.Final
2026-02-15 19:25:33,794 INFO o.h.c.i.RegionFactoryInitiator [main] HHH000026: Second-level cache disabled
2026-02-15 19:25:34,001 INFO o.s.o.j.p.SpringPersistenceUnitInfo [main] No LoadTimeWeaver setup: ignoring JPA class transformer
2026-02-15 19:25:34,024 INFO c.z.h.HikariDataSource [main] HikariPool-1 - Starting...
2026-02-15 19:25:34,106 INFO c.z.h.p.HikariPool [main] HikariPool-1 - Added connection org.mariadb.jdbc.Connection@3335afcf
2026-02-15 19:25:34,108 INFO c.z.h.HikariDataSource [main] HikariPool-1 - Start completed.
2026-02-15 19:25:34,128 WARN o.h.e.j.d.i.DialectFactoryImpl [main] HHH90000025: MariaDBDialect does not need to be specified explicitly using 'hibernate.dialect' (remove the property setting and it will be selected by default)
2026-02-15 19:25:34,140 INFO o.h.e.j.e.i.JdbcEnvironmentInitiator [main] HHH10001005: Database info:
	Database JDBC URL [Connecting through datasource 'HikariDataSource (HikariPool-1)']
	Database driver: undefined/unknown
	Database version: 11.8.2
	Autocommit mode: undefined/unknown
	Isolation level: undefined/unknown
	Minimum pool size: undefined/unknown
	Maximum pool size: undefined/unknown
2026-02-15 19:25:34,853 INFO o.h.e.t.j.p.i.JtaPlatformInitiator [main] HHH000489: No JTA platform available (set 'hibernate.transaction.jta.platform' to enable JTA platform integration)
2026-02-15 19:25:34,909 INFO o.s.o.j.AbstractEntityManagerFactoryBean [main] Initialized JPA EntityManagerFactory for persistence unit 'default'
2026-02-15 19:25:35,076 INFO o.s.d.j.r.q.QueryEnhancerFactory [main] Hibernate is in classpath; If applicable, HQL parser will be used.
2026-02-15 19:25:35,710 WARN o.s.b.a.o.j.JpaBaseConfiguration$JpaWebConfiguration [main] spring.jpa.open-in-view is enabled by default. Therefore, database queries may be performed during view rendering. Explicitly configure spring.jpa.open-in-view to disable this warning
2026-02-15 19:25:35,773 DEBUG o.s.w.s.h.AbstractHandlerMethodMapping [main] 28 mappings in 'requestMappingHandlerMapping'
2026-02-15 19:25:35,826 DEBUG o.s.w.s.h.SimpleUrlHandlerMapping [main] Patterns [/webjars/**, /**] in 'resourceHandlerMapping'
2026-02-15 19:25:35,843 DEBUG o.s.w.s.m.m.a.RequestMappingHandlerAdapter [main] ControllerAdvice beans: 0 @ModelAttribute, 0 @InitBinder, 1 RequestBodyAdvice, 1 ResponseBodyAdvice
2026-02-15 19:25:35,876 DEBUG o.s.w.s.m.m.a.ExceptionHandlerExceptionResolver [main] ControllerAdvice beans: 1 @ExceptionHandler, 1 ResponseBodyAdvice
2026-02-15 19:25:35,929 INFO o.a.j.l.DirectJDKLog [main] Starting ProtocolHandler ["http-nio-8080"]
2026-02-15 19:25:35,945 INFO o.s.b.w.e.t.TomcatWebServer [main] Tomcat started on port 8080 (http) with context path '/'
2026-02-15 19:25:35,950 INFO o.s.b.StartupInfoLogger [main] Started AsociationApplication in 3.616 seconds (process running for 3.882)
2026-02-15 19:27:04,798 INFO o.a.j.l.DirectJDKLog [http-nio-8080-exec-1] Initializing Spring DispatcherServlet 'dispatcherServlet'
2026-02-15 19:27:04,798 INFO o.s.w.s.FrameworkServlet [http-nio-8080-exec-1] Initializing Servlet 'dispatcherServlet'
2026-02-15 19:27:04,800 DEBUG o.s.w.s.DispatcherServlet [http-nio-8080-exec-1] Detected StandardServletMultipartResolver
2026-02-15 19:27:04,800 DEBUG o.s.w.s.DispatcherServlet [http-nio-8080-exec-1] Detected AcceptHeaderLocaleResolver
2026-02-15 19:27:04,800 DEBUG o.s.w.s.DispatcherServlet [http-nio-8080-exec-1] Detected FixedThemeResolver
2026-02-15 19:27:04,802 DEBUG o.s.w.s.DispatcherServlet [http-nio-8080-exec-1] Detected org.springframework.web.servlet.view.DefaultRequestToViewNameTranslator@6662af0a
2026-02-15 19:27:04,802 DEBUG o.s.w.s.DispatcherServlet [http-nio-8080-exec-1] Detected org.springframework.web.servlet.support.SessionFlashMapManager@5303762f
2026-02-15 19:27:04,803 DEBUG o.s.w.s.FrameworkServlet [http-nio-8080-exec-1] enableLoggingRequestDetails='false': request parameters and headers will be masked to prevent unsafe logging of potentially sensitive data
2026-02-15 19:27:04,803 INFO o.s.w.s.FrameworkServlet [http-nio-8080-exec-1] Completed initialization in 3 ms
2026-02-15 19:27:04,813 DEBUG o.s.c.l.LogFormatUtils [http-nio-8080-exec-1] DELETE "/actividades/2", parameters={}
2026-02-15 19:27:04,825 DEBUG o.s.w.s.h.AbstractHandlerMapping [http-nio-8080-exec-1] Mapped to com.svalero.asociation.controller.ActividadController#deleteActividad(long)
2026-02-15 19:27:04,907 INFO c.s.a.s.ActividadService [http-nio-8080-exec-1] Socio with ID: 2 deleted successfully
2026-02-15 19:27:04,935 INFO c.s.a.c.ActividadController [http-nio-8080-exec-1] DELETE/actividades/{id}
2026-02-15 19:27:04,950 DEBUG o.s.w.s.m.m.a.AbstractMessageConverterMethodProcessor [http-nio-8080-exec-1] Using 'application/json', given [*/*] and supported [application/json, application/*+json]
2026-02-15 19:27:04,951 DEBUG o.s.w.s.m.m.a.AbstractMessageConverterMethodProcessor [http-nio-8080-exec-1] Nothing to write: null body
2026-02-15 19:27:04,952 DEBUG o.s.w.s.FrameworkServlet [http-nio-8080-exec-1] Completed 204 NO_CONTENT
2026-02-15 19:27:11,310 DEBUG o.s.c.l.LogFormatUtils [http-nio-8080-exec-3] POST "/actividades", parameters={}
2026-02-15 19:27:11,310 DEBUG o.s.w.s.h.AbstractHandlerMapping [http-nio-8080-exec-3] Mapped to com.svalero.asociation.controller.ActividadController#addActividad(ActividadDto)
2026-02-15 19:27:11,355 DEBUG o.s.c.l.LogFormatUtils [http-nio-8080-exec-3] Read "application/json;charset=UTF-8" to [ActividadDto(description=Visita a la Aljaferia, dayActivity=2026-04-08, typeActivity=Grupal, duratio (truncated)...]
2026-02-15 19:27:11,384 INFO c.s.a.s.ActividadService [http-nio-8080-exec-3] Successfully created new socio with ID: 3
2026-02-15 19:27:11,385 INFO c.s.a.c.ActividadController [http-nio-8080-exec-3] POST/actividades
2026-02-15 19:27:11,394 DEBUG o.s.w.s.m.m.a.AbstractMessageConverterMethodProcessor [http-nio-8080-exec-3] Using 'application/json', given [*/*] and supported [application/json, application/*+json]
2026-02-15 19:27:11,396 DEBUG o.s.c.l.LogFormatUtils [http-nio-8080-exec-3] Writing [ActividadOutDto(id=3, description=Visita a la Aljaferia, dayActivity=2026-04-08, duration=4.0, canJo (truncated)...]
2026-02-15 19:27:11,405 DEBUG o.s.w.s.FrameworkServlet [http-nio-8080-exec-3] Completed 201 CREATED
2026-02-15 19:27:20,205 INFO o.s.b.w.e.t.GracefulShutdown [SpringApplicationShutdownHook] Commencing graceful shutdown. Waiting for active requests to complete
2026-02-15 19:27:20,210 INFO o.s.b.w.e.t.GracefulShutdown [tomcat-shutdown] Graceful shutdown complete
2026-02-15 19:27:20,213 INFO o.s.o.j.AbstractEntityManagerFactoryBean [SpringApplicationShutdownHook] Closing JPA EntityManagerFactory for persistence unit 'default'
2026-02-15 19:27:20,215 INFO c.z.h.HikariDataSource [SpringApplicationShutdownHook] HikariPool-1 - Shutdown initiated...
2026-02-15 19:27:20,217 INFO c.z.h.HikariDataSource [SpringApplicationShutdownHook] HikariPool-1 - Shutdown completed.
2026-02-15 23:33:06,533 INFO o.h.v.i.u.Version [background-preinit] HV000001: Hibernate Validator 8.0.3.Final
2026-02-15 23:33:06,580 INFO o.s.b.StartupInfoLogger [main] Starting AsociationApplication using Java 25.0.1 with PID 11988 (C:\Users\Usuario\Desktop\DAM\2\AccesoDatos\asociation\target\classes started by Usuario in C:\Users\Usuario\Desktop\DAM\2\AccesoDatos\asociation)
2026-02-15 23:33:06,581 INFO o.s.b.SpringApplication [main] No active profile set, falling back to 1 default profile: "default"
2026-02-15 23:33:07,085 INFO o.s.d.r.c.RepositoryConfigurationDelegate [main] Bootstrapping Spring Data JPA repositories in DEFAULT mode.
2026-02-15 23:33:07,146 INFO o.s.d.r.c.RepositoryConfigurationDelegate [main] Finished Spring Data repository scanning in 53 ms. Found 5 JPA repository interfaces.
2026-02-15 23:33:07,561 INFO o.s.b.w.e.t.TomcatWebServer [main] Tomcat initialized with port 8080 (http)
2026-02-15 23:33:07,575 INFO o.a.j.l.DirectJDKLog [main] Initializing ProtocolHandler ["http-nio-8080"]
2026-02-15 23:33:07,577 INFO o.a.j.l.DirectJDKLog [main] Starting service [Tomcat]
2026-02-15 23:33:07,578 INFO o.a.j.l.DirectJDKLog [main] Starting Servlet engine: [Apache Tomcat/10.1.49]
2026-02-15 23:33:07,649 INFO o.a.j.l.DirectJDKLog [main] Initializing Spring embedded WebApplicationContext
2026-02-15 23:33:07,650 INFO o.s.b.w.s.c.ServletWebServerApplicationContext [main] Root WebApplicationContext: initialization completed in 1035 ms
2026-02-15 23:33:07,779 INFO o.h.j.i.u.LogHelper [main] HHH000204: Processing PersistenceUnitInfo [name: default]
2026-02-15 23:33:07,837 INFO o.h.Version [main] HHH000412: Hibernate ORM core version 6.6.36.Final
2026-02-15 23:33:07,870 INFO o.h.c.i.RegionFactoryInitiator [main] HHH000026: Second-level cache disabled
2026-02-15 23:33:08,136 INFO o.s.o.j.p.SpringPersistenceUnitInfo [main] No LoadTimeWeaver setup: ignoring JPA class transformer
2026-02-15 23:33:08,165 INFO c.z.h.HikariDataSource [main] HikariPool-1 - Starting...
2026-02-15 23:33:08,256 INFO c.z.h.p.HikariPool [main] HikariPool-1 - Added connection org.mariadb.jdbc.Connection@4e2cdc51
2026-02-15 23:33:08,258 INFO c.z.h.HikariDataSource [main] HikariPool-1 - Start completed.
2026-02-15 23:33:08,283 WARN o.h.e.j.d.i.DialectFactoryImpl [main] HHH90000025: MariaDBDialect does not need to be specified explicitly using 'hibernate.dialect' (remove the property setting and it will be selected by default)
2026-02-15 23:33:08,299 INFO o.h.e.j.e.i.JdbcEnvironmentInitiator [main] HHH10001005: Database info:
	Database JDBC URL [Connecting through datasource 'HikariDataSource (HikariPool-1)']
	Database driver: undefined/unknown
	Database version: 11.8.2
	Autocommit mode: undefined/unknown
	Isolation level: undefined/unknown
	Minimum pool size: undefined/unknown
	Maximum pool size: undefined/unknown
2026-02-15 23:33:09,117 INFO o.h.e.t.j.p.i.JtaPlatformInitiator [main] HHH000489: No JTA platform available (set 'hibernate.transaction.jta.platform' to enable JTA platform integration)
2026-02-15 23:33:09,190 INFO o.s.o.j.AbstractEntityManagerFactoryBean [main] Initialized JPA EntityManagerFactory for persistence unit 'default'
2026-02-15 23:33:09,455 INFO o.s.d.j.r.q.QueryEnhancerFactory [main] Hibernate is in classpath; If applicable, HQL parser will be used.
2026-02-15 23:33:10,218 WARN o.s.b.a.o.j.JpaBaseConfiguration$JpaWebConfiguration [main] spring.jpa.open-in-view is enabled by default. Therefore, database queries may be performed during view rendering. Explicitly configure spring.jpa.open-in-view to disable this warning
2026-02-15 23:33:10,293 DEBUG o.s.w.s.h.AbstractHandlerMethodMapping [main] 28 mappings in 'requestMappingHandlerMapping'
2026-02-15 23:33:10,353 DEBUG o.s.w.s.h.SimpleUrlHandlerMapping [main] Patterns [/webjars/**, /**] in 'resourceHandlerMapping'
2026-02-15 23:33:10,372 DEBUG o.s.w.s.m.m.a.RequestMappingHandlerAdapter [main] ControllerAdvice beans: 0 @ModelAttribute, 0 @InitBinder, 1 RequestBodyAdvice, 1 ResponseBodyAdvice
2026-02-15 23:33:10,411 DEBUG o.s.w.s.m.m.a.ExceptionHandlerExceptionResolver [main] ControllerAdvice beans: 1 @ExceptionHandler, 1 ResponseBodyAdvice
2026-02-15 23:33:10,476 INFO o.a.j.l.DirectJDKLog [main] Starting ProtocolHandler ["http-nio-8080"]
2026-02-15 23:33:10,495 INFO o.s.b.w.e.t.TomcatWebServer [main] Tomcat started on port 8080 (http) with context path '/'
2026-02-15 23:33:10,501 INFO o.s.b.StartupInfoLogger [main] Started AsociationApplication in 4.426 seconds (process running for 4.73)
2026-02-15 23:33:15,209 INFO o.a.j.l.DirectJDKLog [http-nio-8080-exec-1] Initializing Spring DispatcherServlet 'dispatcherServlet'
2026-02-15 23:33:15,209 INFO o.s.w.s.FrameworkServlet [http-nio-8080-exec-1] Initializing Servlet 'dispatcherServlet'
2026-02-15 23:33:15,210 DEBUG o.s.w.s.DispatcherServlet [http-nio-8080-exec-1] Detected StandardServletMultipartResolver
2026-02-15 23:33:15,210 DEBUG o.s.w.s.DispatcherServlet [http-nio-8080-exec-1] Detected AcceptHeaderLocaleResolver
2026-02-15 23:33:15,210 DEBUG o.s.w.s.DispatcherServlet [http-nio-8080-exec-1] Detected FixedThemeResolver
2026-02-15 23:33:15,211 DEBUG o.s.w.s.DispatcherServlet [http-nio-8080-exec-1] Detected org.springframework.web.servlet.view.DefaultRequestToViewNameTranslator@7f9f3516
2026-02-15 23:33:15,211 DEBUG o.s.w.s.DispatcherServlet [http-nio-8080-exec-1] Detected org.springframework.web.servlet.support.SessionFlashMapManager@61c8139a
2026-02-15 23:33:15,212 DEBUG o.s.w.s.FrameworkServlet [http-nio-8080-exec-1] enableLoggingRequestDetails='false': request parameters and headers will be masked to prevent unsafe logging of potentially sensitive data
2026-02-15 23:33:15,213 INFO o.s.w.s.FrameworkServlet [http-nio-8080-exec-1] Completed initialization in 3 ms
2026-02-15 23:33:15,218 DEBUG o.s.c.l.LogFormatUtils [http-nio-8080-exec-1] GET "/actividades", parameters={}
2026-02-15 23:33:15,228 DEBUG o.s.w.s.h.AbstractHandlerMapping [http-nio-8080-exec-1] Mapped to com.svalero.asociation.controller.ActividadController#getAll(LocalDate, Boolean, Float)
2026-02-15 23:33:15,243 INFO c.s.a.c.ActividadController [http-nio-8080-exec-1] GET/actividades
2026-02-15 23:33:15,324 INFO c.s.a.s.ActividadService [http-nio-8080-exec-1] Searching Actividad with filters: null null null
2026-02-15 23:33:15,349 DEBUG o.s.w.s.m.m.a.AbstractMessageConverterMethodProcessor [http-nio-8080-exec-1] Using 'application/json', given [*/*] and supported [application/json, application/*+json]
2026-02-15 23:33:15,351 DEBUG o.s.c.l.LogFormatUtils [http-nio-8080-exec-1] Writing [[ActividadOutDto(id=1, description=Carrera de 5 km, dayActivity=2026-04-18, duration=2.0, canJoin=tr (truncated)...]
2026-02-15 23:33:15,387 DEBUG o.s.w.s.FrameworkServlet [http-nio-8080-exec-1] Completed 200 OK
2026-02-15 23:33:45,692 DEBUG o.s.c.l.LogFormatUtils [http-nio-8080-exec-3] POST "/actividades", parameters={}
2026-02-15 23:33:45,693 DEBUG o.s.w.s.h.AbstractHandlerMapping [http-nio-8080-exec-3] Mapped to com.svalero.asociation.controller.ActividadController#addActividad(ActividadDto)
2026-02-15 23:33:45,727 DEBUG o.s.c.l.LogFormatUtils [http-nio-8080-exec-3] Read "application/json;charset=UTF-8" to [ActividadDto(description=Caminata a la Puerta del Carmen, dayActivity=2026-05-08, typeActivity=Grupa (truncated)...]
2026-02-15 23:33:45,784 INFO c.s.a.s.ActividadService [http-nio-8080-exec-3] Successfully created new socio with ID: 4
2026-02-15 23:33:45,784 INFO c.s.a.c.ActividadController [http-nio-8080-exec-3] POST/actividades
2026-02-15 23:33:45,786 DEBUG o.s.w.s.m.m.a.AbstractMessageConverterMethodProcessor [http-nio-8080-exec-3] Using 'application/json', given [*/*] and supported [application/json, application/*+json]
2026-02-15 23:33:45,787 DEBUG o.s.c.l.LogFormatUtils [http-nio-8080-exec-3] Writing [ActividadOutDto(id=4, description=Caminata a la Puerta del Carmen, dayActivity=2026-05-08, duration= (truncated)...]
2026-02-15 23:33:45,788 DEBUG o.s.w.s.FrameworkServlet [http-nio-8080-exec-3] Completed 201 CREATED
2026-02-15 23:33:50,519 DEBUG o.s.c.l.LogFormatUtils [http-nio-8080-exec-4] GET "/participantes", parameters={}
2026-02-15 23:33:50,520 DEBUG o.s.w.s.h.AbstractHandlerMapping [http-nio-8080-exec-4] Mapped to com.svalero.asociation.controller.ParticipanteController#getAll(LocalDate, String, String)
2026-02-15 23:33:50,526 INFO c.s.a.s.ParticipanteService [http-nio-8080-exec-4] Searching with filters: null null null
2026-02-15 23:33:50,530 INFO c.s.a.c.ParticipanteController [http-nio-8080-exec-4] GET/participantes
2026-02-15 23:33:50,531 DEBUG o.s.w.s.m.m.a.AbstractMessageConverterMethodProcessor [http-nio-8080-exec-4] Using 'application/json', given [*/*] and supported [application/json, application/*+json]
2026-02-15 23:33:50,533 DEBUG o.s.c.l.LogFormatUtils [http-nio-8080-exec-4] Writing [[ParticipanteOutDto(id=1, dni=97046634P, name=María, surname=Tolano Mendoza, email=anyemail@hotmail. (truncated)...]
2026-02-15 23:33:50,537 DEBUG o.s.w.s.FrameworkServlet [http-nio-8080-exec-4] Completed 200 OK
2026-02-15 23:34:02,227 DEBUG o.s.c.l.LogFormatUtils [http-nio-8080-exec-5] GET "/socios", parameters={}
2026-02-15 23:34:02,227 DEBUG o.s.w.s.h.AbstractHandlerMapping [http-nio-8080-exec-5] Mapped to com.svalero.asociation.controller.SocioController#getAllByAllFilters(String, Boolean, LocalDate)
2026-02-15 23:34:02,228 INFO c.s.a.c.SocioController [http-nio-8080-exec-5] GET/socios
2026-02-15 23:34:02,243 INFO c.s.a.s.SocioService [http-nio-8080-exec-5] Searching with filters: null null null
2026-02-15 23:34:02,248 DEBUG o.s.w.s.m.m.a.AbstractMessageConverterMethodProcessor [http-nio-8080-exec-5] Using 'application/json', given [*/*] and supported [application/json, application/*+json]
2026-02-15 23:34:02,250 DEBUG o.s.c.l.LogFormatUtils [http-nio-8080-exec-5] Writing [[SocioDto(id=1, dni=65411896J, name=Roberto, surname=Faci, email=emial@email.com, phoneNumber=888-45 (truncated)...]
2026-02-15 23:34:02,253 DEBUG o.s.w.s.FrameworkServlet [http-nio-8080-exec-5] Completed 200 OK
2026-02-15 23:34:09,147 INFO o.s.b.w.e.t.GracefulShutdown [SpringApplicationShutdownHook] Commencing graceful shutdown. Waiting for active requests to complete
2026-02-15 23:34:09,153 INFO o.s.b.w.e.t.GracefulShutdown [tomcat-shutdown] Graceful shutdown complete
2026-02-15 23:34:09,156 INFO o.s.o.j.AbstractEntityManagerFactoryBean [SpringApplicationShutdownHook] Closing JPA EntityManagerFactory for persistence unit 'default'
2026-02-15 23:34:09,157 INFO c.z.h.HikariDataSource [SpringApplicationShutdownHook] HikariPool-1 - Shutdown initiated...
2026-02-15 23:34:09,160 INFO c.z.h.HikariDataSource [SpringApplicationShutdownHook] HikariPool-1 - Shutdown completed.
2026-02-18 01:58:01,714 INFO o.h.v.i.u.Version [background-preinit] HV000001: Hibernate Validator 8.0.3.Final
2026-02-18 01:58:01,779 INFO o.s.b.StartupInfoLogger [main] Starting AsociationApplication using Java 23 with PID 17064 (C:\Users\Usuario\Desktop\DAM\2\AccesoDatos\asociation\target\classes started by Usuario in C:\Users\Usuario\Desktop\DAM\2\AccesoDatos\asociation)
2026-02-18 01:58:01,780 INFO o.s.b.SpringApplication [main] No active profile set, falling back to 1 default profile: "default"
2026-02-18 01:58:02,772 INFO o.s.d.r.c.RepositoryConfigurationDelegate [main] Bootstrapping Spring Data JPA repositories in DEFAULT mode.
2026-02-18 01:58:02,841 INFO o.s.d.r.c.RepositoryConfigurationDelegate [main] Finished Spring Data repository scanning in 59 ms. Found 6 JPA repository interfaces.
2026-02-18 01:58:03,427 INFO o.s.b.w.e.t.TomcatWebServer [main] Tomcat initialized with port 8080 (http)
2026-02-18 01:58:03,440 INFO o.a.j.l.DirectJDKLog [main] Initializing ProtocolHandler ["http-nio-8080"]
2026-02-18 01:58:03,443 INFO o.a.j.l.DirectJDKLog [main] Starting service [Tomcat]
2026-02-18 01:58:03,443 INFO o.a.j.l.DirectJDKLog [main] Starting Servlet engine: [Apache Tomcat/10.1.49]
2026-02-18 01:58:03,514 INFO o.a.j.l.DirectJDKLog [main] Initializing Spring embedded WebApplicationContext
2026-02-18 01:58:03,515 INFO o.s.b.w.s.c.ServletWebServerApplicationContext [main] Root WebApplicationContext: initialization completed in 1685 ms
2026-02-18 01:58:03,688 INFO o.h.j.i.u.LogHelper [main] HHH000204: Processing PersistenceUnitInfo [name: default]
2026-02-18 01:58:03,757 INFO o.h.Version [main] HHH000412: Hibernate ORM core version 6.6.36.Final
2026-02-18 01:58:03,791 INFO o.h.c.i.RegionFactoryInitiator [main] HHH000026: Second-level cache disabled
2026-02-18 01:58:04,113 INFO o.s.o.j.p.SpringPersistenceUnitInfo [main] No LoadTimeWeaver setup: ignoring JPA class transformer
2026-02-18 01:58:04,144 INFO c.z.h.HikariDataSource [main] HikariPool-1 - Starting...
2026-02-18 01:58:04,246 INFO c.z.h.p.HikariPool [main] HikariPool-1 - Added connection org.mariadb.jdbc.Connection@3e39e0fb
2026-02-18 01:58:04,248 INFO c.z.h.HikariDataSource [main] HikariPool-1 - Start completed.
2026-02-18 01:58:04,277 WARN o.h.e.j.d.i.DialectFactoryImpl [main] HHH90000025: MariaDBDialect does not need to be specified explicitly using 'hibernate.dialect' (remove the property setting and it will be selected by default)
2026-02-18 01:58:04,298 INFO o.h.e.j.e.i.JdbcEnvironmentInitiator [main] HHH10001005: Database info:
	Database JDBC URL [Connecting through datasource 'HikariDataSource (HikariPool-1)']
	Database driver: undefined/unknown
	Database version: 11.8.2
	Autocommit mode: undefined/unknown
	Isolation level: undefined/unknown
	Minimum pool size: undefined/unknown
	Maximum pool size: undefined/unknown
2026-02-18 01:58:05,278 INFO o.h.e.t.j.p.i.JtaPlatformInitiator [main] HHH000489: No JTA platform available (set 'hibernate.transaction.jta.platform' to enable JTA platform integration)
2026-02-18 01:58:05,431 INFO o.s.o.j.AbstractEntityManagerFactoryBean [main] Initialized JPA EntityManagerFactory for persistence unit 'default'
2026-02-18 01:58:05,764 INFO o.s.d.j.r.q.QueryEnhancerFactory [main] Hibernate is in classpath; If applicable, HQL parser will be used.
2026-02-18 01:58:06,935 WARN o.s.b.a.o.j.JpaBaseConfiguration$JpaWebConfiguration [main] spring.jpa.open-in-view is enabled by default. Therefore, database queries may be performed during view rendering. Explicitly configure spring.jpa.open-in-view to disable this warning
2026-02-18 01:58:07,068 DEBUG o.s.w.s.h.AbstractHandlerMethodMapping [main] 31 mappings in 'requestMappingHandlerMapping'
2026-02-18 01:58:07,197 DEBUG o.s.w.s.h.SimpleUrlHandlerMapping [main] Patterns [/webjars/**, /**] in 'resourceHandlerMapping'
2026-02-18 01:58:07,233 DEBUG o.s.w.s.m.m.a.RequestMappingHandlerAdapter [main] ControllerAdvice beans: 0 @ModelAttribute, 0 @InitBinder, 1 RequestBodyAdvice, 1 ResponseBodyAdvice
2026-02-18 01:58:07,284 DEBUG o.s.w.s.m.m.a.ExceptionHandlerExceptionResolver [main] ControllerAdvice beans: 1 @ExceptionHandler, 1 ResponseBodyAdvice
2026-02-18 01:58:07,439 INFO o.a.j.l.DirectJDKLog [main] Starting ProtocolHandler ["http-nio-8080"]
2026-02-18 01:58:07,473 INFO o.s.b.w.e.t.TomcatWebServer [main] Tomcat started on port 8080 (http) with context path '/'
2026-02-18 01:58:07,483 INFO o.s.b.StartupInfoLogger [main] Started AsociationApplication in 6.322 seconds (process running for 7.055)
2026-02-18 01:58:45,439 INFO o.s.b.w.e.t.GracefulShutdown [SpringApplicationShutdownHook] Commencing graceful shutdown. Waiting for active requests to complete
2026-02-18 01:58:45,445 INFO o.s.b.w.e.t.GracefulShutdown [tomcat-shutdown] Graceful shutdown complete
2026-02-18 01:58:45,448 INFO o.s.o.j.AbstractEntityManagerFactoryBean [SpringApplicationShutdownHook] Closing JPA EntityManagerFactory for persistence unit 'default'
2026-02-18 01:58:45,450 INFO c.z.h.HikariDataSource [SpringApplicationShutdownHook] HikariPool-1 - Shutdown initiated...
2026-02-18 01:58:45,452 INFO c.z.h.HikariDataSource [SpringApplicationShutdownHook] HikariPool-1 - Shutdown completed.
2026-02-18 02:03:11,673 INFO o.h.v.i.u.Version [background-preinit] HV000001: Hibernate Validator 8.0.3.Final
2026-02-18 02:03:11,710 INFO o.s.b.StartupInfoLogger [main] Starting AsociationApplication using Java 25.0.1 with PID 15140 (C:\Users\Usuario\Desktop\DAM\2\AccesoDatos\asociation\target\classes started by Usuario in C:\Users\Usuario\Desktop\DAM\2\AccesoDatos\asociation)
2026-02-18 02:03:11,711 INFO o.s.b.SpringApplication [main] No active profile set, falling back to 1 default profile: "default"
2026-02-18 02:03:12,292 INFO o.s.d.r.c.RepositoryConfigurationDelegate [main] Bootstrapping Spring Data JPA repositories in DEFAULT mode.
2026-02-18 02:03:12,355 INFO o.s.d.r.c.RepositoryConfigurationDelegate [main] Finished Spring Data repository scanning in 56 ms. Found 6 JPA repository interfaces.
2026-02-18 02:03:12,789 INFO o.s.b.w.e.t.TomcatWebServer [main] Tomcat initialized with port 8080 (http)
2026-02-18 02:03:12,799 INFO o.a.j.l.DirectJDKLog [main] Initializing ProtocolHandler ["http-nio-8080"]
2026-02-18 02:03:12,802 INFO o.a.j.l.DirectJDKLog [main] Starting service [Tomcat]
2026-02-18 02:03:12,802 INFO o.a.j.l.DirectJDKLog [main] Starting Servlet engine: [Apache Tomcat/10.1.49]
2026-02-18 02:03:12,861 INFO o.a.j.l.DirectJDKLog [main] Initializing Spring embedded WebApplicationContext
2026-02-18 02:03:12,862 INFO o.s.b.w.s.c.ServletWebServerApplicationContext [main] Root WebApplicationContext: initialization completed in 1119 ms
2026-02-18 02:03:12,972 INFO o.h.j.i.u.LogHelper [main] HHH000204: Processing PersistenceUnitInfo [name: default]
2026-02-18 02:03:13,009 INFO o.h.Version [main] HHH000412: Hibernate ORM core version 6.6.36.Final
2026-02-18 02:03:13,032 INFO o.h.c.i.RegionFactoryInitiator [main] HHH000026: Second-level cache disabled
2026-02-18 02:03:13,246 INFO o.s.o.j.p.SpringPersistenceUnitInfo [main] No LoadTimeWeaver setup: ignoring JPA class transformer
2026-02-18 02:03:13,269 INFO c.z.h.HikariDataSource [main] HikariPool-1 - Starting...
2026-02-18 02:03:13,345 INFO c.z.h.p.HikariPool [main] HikariPool-1 - Added connection org.mariadb.jdbc.Connection@4ced17f3
2026-02-18 02:03:13,347 INFO c.z.h.HikariDataSource [main] HikariPool-1 - Start completed.
2026-02-18 02:03:13,367 WARN o.h.e.j.d.i.DialectFactoryImpl [main] HHH90000025: MariaDBDialect does not need to be specified explicitly using 'hibernate.dialect' (remove the property setting and it will be selected by default)
2026-02-18 02:03:13,380 INFO o.h.e.j.e.i.JdbcEnvironmentInitiator [main] HHH10001005: Database info:
	Database JDBC URL [Connecting through datasource 'HikariDataSource (HikariPool-1)']
	Database driver: undefined/unknown
	Database version: 11.8.2
	Autocommit mode: undefined/unknown
	Isolation level: undefined/unknown
	Minimum pool size: undefined/unknown
	Maximum pool size: undefined/unknown
2026-02-18 02:03:14,137 INFO o.h.e.t.j.p.i.JtaPlatformInitiator [main] HHH000489: No JTA platform available (set 'hibernate.transaction.jta.platform' to enable JTA platform integration)
2026-02-18 02:03:14,193 INFO o.s.o.j.AbstractEntityManagerFactoryBean [main] Initialized JPA EntityManagerFactory for persistence unit 'default'
2026-02-18 02:03:14,373 INFO o.s.d.j.r.q.QueryEnhancerFactory [main] Hibernate is in classpath; If applicable, HQL parser will be used.
2026-02-18 02:03:15,049 WARN o.s.b.a.o.j.JpaBaseConfiguration$JpaWebConfiguration [main] spring.jpa.open-in-view is enabled by default. Therefore, database queries may be performed during view rendering. Explicitly configure spring.jpa.open-in-view to disable this warning
2026-02-18 02:03:15,118 DEBUG o.s.w.s.h.AbstractHandlerMethodMapping [main] 31 mappings in 'requestMappingHandlerMapping'
2026-02-18 02:03:15,179 DEBUG o.s.w.s.h.SimpleUrlHandlerMapping [main] Patterns [/webjars/**, /**] in 'resourceHandlerMapping'
2026-02-18 02:03:15,195 DEBUG o.s.w.s.m.m.a.RequestMappingHandlerAdapter [main] ControllerAdvice beans: 0 @ModelAttribute, 0 @InitBinder, 1 RequestBodyAdvice, 1 ResponseBodyAdvice
2026-02-18 02:03:15,227 DEBUG o.s.w.s.m.m.a.ExceptionHandlerExceptionResolver [main] ControllerAdvice beans: 1 @ExceptionHandler, 1 ResponseBodyAdvice
2026-02-18 02:03:15,285 INFO o.a.j.l.DirectJDKLog [main] Starting ProtocolHandler ["http-nio-8080"]
2026-02-18 02:03:15,302 INFO o.s.b.w.e.t.TomcatWebServer [main] Tomcat started on port 8080 (http) with context path '/'
2026-02-18 02:03:15,307 INFO o.s.b.StartupInfoLogger [main] Started AsociationApplication in 4.02 seconds (process running for 4.289)
2026-02-18 02:04:37,541 INFO o.a.j.l.DirectJDKLog [http-nio-8080-exec-1] Initializing Spring DispatcherServlet 'dispatcherServlet'
2026-02-18 02:04:37,541 INFO o.s.w.s.FrameworkServlet [http-nio-8080-exec-1] Initializing Servlet 'dispatcherServlet'
2026-02-18 02:04:37,542 DEBUG o.s.w.s.DispatcherServlet [http-nio-8080-exec-1] Detected StandardServletMultipartResolver
2026-02-18 02:04:37,542 DEBUG o.s.w.s.DispatcherServlet [http-nio-8080-exec-1] Detected AcceptHeaderLocaleResolver
2026-02-18 02:04:37,542 DEBUG o.s.w.s.DispatcherServlet [http-nio-8080-exec-1] Detected FixedThemeResolver
2026-02-18 02:04:37,543 DEBUG o.s.w.s.DispatcherServlet [http-nio-8080-exec-1] Detected org.springframework.web.servlet.view.DefaultRequestToViewNameTranslator@54d93fce
2026-02-18 02:04:37,544 DEBUG o.s.w.s.DispatcherServlet [http-nio-8080-exec-1] Detected org.springframework.web.servlet.support.SessionFlashMapManager@6e8fa647
2026-02-18 02:04:37,544 DEBUG o.s.w.s.FrameworkServlet [http-nio-8080-exec-1] enableLoggingRequestDetails='false': request parameters and headers will be masked to prevent unsafe logging of potentially sensitive data
2026-02-18 02:04:37,545 INFO o.s.w.s.FrameworkServlet [http-nio-8080-exec-1] Completed initialization in 2 ms
2026-02-18 02:04:37,550 DEBUG o.s.c.l.LogFormatUtils [http-nio-8080-exec-1] GET "/actividades", parameters={}
2026-02-18 02:04:37,561 DEBUG o.s.w.s.h.AbstractHandlerMapping [http-nio-8080-exec-1] Mapped to com.svalero.asociation.controller.ActividadController#getAll(LocalDate, Boolean, Float)
2026-02-18 02:04:37,579 INFO c.s.a.c.ActividadController [http-nio-8080-exec-1] GET/actividades
2026-02-18 02:04:37,659 INFO c.s.a.s.ActividadService [http-nio-8080-exec-1] Searching Actividad with filters: null null null
2026-02-18 02:04:37,682 DEBUG o.s.w.s.m.m.a.AbstractMessageConverterMethodProcessor [http-nio-8080-exec-1] Using 'application/json', given [*/*] and supported [application/json, application/*+json]
2026-02-18 02:04:37,685 DEBUG o.s.c.l.LogFormatUtils [http-nio-8080-exec-1] Writing [[ActividadOutDto(id=1, description=Carrera de 5 km, dayActivity=2026-04-18, duration=2.0, canJoin=tr (truncated)...]
2026-02-18 02:04:37,720 DEBUG o.s.w.s.FrameworkServlet [http-nio-8080-exec-1] Completed 200 OK
2026-02-18 02:06:35,095 DEBUG o.s.c.l.LogFormatUtils [http-nio-8080-exec-5] GET "/participantes", parameters={}
2026-02-18 02:06:35,095 DEBUG o.s.w.s.h.AbstractHandlerMapping [http-nio-8080-exec-5] Mapped to com.svalero.asociation.controller.ParticipanteController#getAll(LocalDate, String, String)
2026-02-18 02:06:35,101 INFO c.s.a.s.ParticipanteService [http-nio-8080-exec-5] Searching with filters: null null null
2026-02-18 02:06:35,102 INFO c.s.a.c.ParticipanteController [http-nio-8080-exec-5] GET/participantes
2026-02-18 02:06:35,103 DEBUG o.s.w.s.m.m.a.AbstractMessageConverterMethodProcessor [http-nio-8080-exec-5] Using 'application/json', given [*/*] and supported [application/json, application/*+json]
2026-02-18 02:06:35,105 DEBUG o.s.c.l.LogFormatUtils [http-nio-8080-exec-5] Writing [[ParticipanteOutDto(id=1, dni=97046634P, name=María, surname=Tolano Mendoza, email=anyemail@hotmail. (truncated)...]
2026-02-18 02:06:35,112 DEBUG o.s.w.s.FrameworkServlet [http-nio-8080-exec-5] Completed 200 OK
2026-02-18 02:06:45,537 DEBUG o.s.c.l.LogFormatUtils [http-nio-8080-exec-6] GET "/actividades", parameters={}
2026-02-18 02:06:45,538 DEBUG o.s.w.s.h.AbstractHandlerMapping [http-nio-8080-exec-6] Mapped to com.svalero.asociation.controller.ActividadController#getAll(LocalDate, Boolean, Float)
2026-02-18 02:06:45,538 INFO c.s.a.c.ActividadController [http-nio-8080-exec-6] GET/actividades
2026-02-18 02:06:45,540 INFO c.s.a.s.ActividadService [http-nio-8080-exec-6] Searching Actividad with filters: null null null
2026-02-18 02:06:45,542 DEBUG o.s.w.s.m.m.a.AbstractMessageConverterMethodProcessor [http-nio-8080-exec-6] Using 'application/json', given [*/*] and supported [application/json, application/*+json]
2026-02-18 02:06:45,543 DEBUG o.s.c.l.LogFormatUtils [http-nio-8080-exec-6] Writing [[ActividadOutDto(id=1, description=Carrera de 5 km, dayActivity=2026-04-18, duration=2.0, canJoin=tr (truncated)...]
2026-02-18 02:06:45,544 DEBUG o.s.w.s.FrameworkServlet [http-nio-8080-exec-6] Completed 200 OK
2026-02-18 02:07:14,998 DEBUG o.s.c.l.LogFormatUtils [http-nio-8080-exec-7] POST "/actividades/4/inscripciones", parameters={}
2026-02-18 02:07:14,999 DEBUG o.s.w.s.h.AbstractHandlerMapping [http-nio-8080-exec-7] Mapped to com.svalero.asociation.controller.ActividadController#inscribirParticipante(long, InscripcionActividadRequestDto)
2026-02-18 02:07:15,034 DEBUG o.s.c.l.LogFormatUtils [http-nio-8080-exec-7] Read "application/json;charset=UTF-8" to [InscripcionActividadRequestDto(price=5.0, state=Active, participanteId=5)]
2026-02-18 02:07:15,094 INFO c.s.a.s.InscripcionActividadService [http-nio-8080-exec-7] Participant ID 5 enrolled in actividad ID 4
2026-02-18 02:07:15,098 INFO c.s.a.c.ActividadController [http-nio-8080-exec-7] POST/actividades/{id}/inscripciones
2026-02-18 02:07:15,098 DEBUG o.s.w.s.m.m.a.AbstractMessageConverterMethodProcessor [http-nio-8080-exec-7] Using 'application/json', given [*/*] and supported [application/json, application/*+json]
2026-02-18 02:07:15,099 DEBUG o.s.w.s.m.m.a.AbstractMessageConverterMethodProcessor [http-nio-8080-exec-7] Nothing to write: null body
2026-02-18 02:07:15,099 DEBUG o.s.w.s.FrameworkServlet [http-nio-8080-exec-7] Completed 201 CREATED
2026-02-18 02:08:12,053 DEBUG o.s.c.l.LogFormatUtils [http-nio-8080-exec-8] GET "/actividades", parameters={}
2026-02-18 02:08:12,054 DEBUG o.s.w.s.h.AbstractHandlerMapping [http-nio-8080-exec-8] Mapped to com.svalero.asociation.controller.ActividadController#getAll(LocalDate, Boolean, Float)
2026-02-18 02:08:12,055 INFO c.s.a.c.ActividadController [http-nio-8080-exec-8] GET/actividades
2026-02-18 02:08:12,057 INFO c.s.a.s.ActividadService [http-nio-8080-exec-8] Searching Actividad with filters: null null null
2026-02-18 02:08:12,106 DEBUG o.s.w.s.m.m.a.AbstractMessageConverterMethodProcessor [http-nio-8080-exec-8] Using 'application/json', given [*/*] and supported [application/json, application/*+json]
2026-02-18 02:08:12,108 DEBUG o.s.c.l.LogFormatUtils [http-nio-8080-exec-8] Writing [[ActividadOutDto(id=1, description=Carrera de 5 km, dayActivity=2026-04-18, duration=2.0, canJoin=tr (truncated)...]
2026-02-18 02:08:12,111 DEBUG o.s.w.s.FrameworkServlet [http-nio-8080-exec-8] Completed 200 OK
2026-02-18 02:08:48,731 INFO o.s.b.w.e.t.GracefulShutdown [SpringApplicationShutdownHook] Commencing graceful shutdown. Waiting for active requests to complete
2026-02-18 02:08:48,736 INFO o.s.b.w.e.t.GracefulShutdown [tomcat-shutdown] Graceful shutdown complete
2026-02-18 02:08:48,739 INFO o.s.o.j.AbstractEntityManagerFactoryBean [SpringApplicationShutdownHook] Closing JPA EntityManagerFactory for persistence unit 'default'
2026-02-18 02:08:48,741 INFO c.z.h.HikariDataSource [SpringApplicationShutdownHook] HikariPool-1 - Shutdown initiated...
2026-02-18 02:08:48,743 INFO c.z.h.HikariDataSource [SpringApplicationShutdownHook] HikariPool-1 - Shutdown completed.
2026-02-18 18:46:48,092 INFO o.h.v.i.u.Version [background-preinit] HV000001: Hibernate Validator 8.0.3.Final
2026-02-18 18:46:48,151 INFO o.s.b.StartupInfoLogger [main] Starting AsociationApplication using Java 23 with PID 17268 (C:\Users\Usuario\Desktop\DAM\2\AccesoDatos\asociation\target\classes started by Usuario in C:\Users\Usuario\Desktop\DAM\2\AccesoDatos\asociation)
2026-02-18 18:46:48,153 INFO o.s.b.SpringApplication [main] No active profile set, falling back to 1 default profile: "default"
2026-02-18 18:46:49,001 INFO o.s.d.r.c.RepositoryConfigurationDelegate [main] Bootstrapping Spring Data JPA repositories in DEFAULT mode.
2026-02-18 18:46:49,074 INFO o.s.d.r.c.RepositoryConfigurationDelegate [main] Finished Spring Data repository scanning in 63 ms. Found 6 JPA repository interfaces.
2026-02-18 18:46:49,686 INFO o.s.b.w.e.t.TomcatWebServer [main] Tomcat initialized with port 8080 (http)
2026-02-18 18:46:49,709 INFO o.a.j.l.DirectJDKLog [main] Initializing ProtocolHandler ["http-nio-8080"]
2026-02-18 18:46:49,715 INFO o.a.j.l.DirectJDKLog [main] Starting service [Tomcat]
2026-02-18 18:46:49,715 INFO o.a.j.l.DirectJDKLog [main] Starting Servlet engine: [Apache Tomcat/10.1.49]
2026-02-18 18:46:49,816 INFO o.a.j.l.DirectJDKLog [main] Initializing Spring embedded WebApplicationContext
2026-02-18 18:46:49,818 INFO o.s.b.w.s.c.ServletWebServerApplicationContext [main] Root WebApplicationContext: initialization completed in 1611 ms
2026-02-18 18:46:50,084 INFO o.h.j.i.u.LogHelper [main] HHH000204: Processing PersistenceUnitInfo [name: default]
2026-02-18 18:46:50,153 INFO o.h.Version [main] HHH000412: Hibernate ORM core version 6.6.36.Final
2026-02-18 18:46:50,188 INFO o.h.c.i.RegionFactoryInitiator [main] HHH000026: Second-level cache disabled
2026-02-18 18:46:50,496 INFO o.s.o.j.p.SpringPersistenceUnitInfo [main] No LoadTimeWeaver setup: ignoring JPA class transformer
2026-02-18 18:46:50,525 INFO c.z.h.HikariDataSource [main] HikariPool-1 - Starting...
2026-02-18 18:46:50,626 INFO c.z.h.p.HikariPool [main] HikariPool-1 - Added connection org.mariadb.jdbc.Connection@485451d8
2026-02-18 18:46:50,628 INFO c.z.h.HikariDataSource [main] HikariPool-1 - Start completed.
2026-02-18 18:46:50,659 WARN o.h.e.j.d.i.DialectFactoryImpl [main] HHH90000025: MariaDBDialect does not need to be specified explicitly using 'hibernate.dialect' (remove the property setting and it will be selected by default)
2026-02-18 18:46:50,676 INFO o.h.e.j.e.i.JdbcEnvironmentInitiator [main] HHH10001005: Database info:
	Database JDBC URL [Connecting through datasource 'HikariDataSource (HikariPool-1)']
	Database driver: undefined/unknown
	Database version: 11.8.2
	Autocommit mode: undefined/unknown
	Isolation level: undefined/unknown
	Minimum pool size: undefined/unknown
	Maximum pool size: undefined/unknown
2026-02-18 18:46:51,596 INFO o.h.e.t.j.p.i.JtaPlatformInitiator [main] HHH000489: No JTA platform available (set 'hibernate.transaction.jta.platform' to enable JTA platform integration)
2026-02-18 18:46:51,667 INFO o.s.o.j.AbstractEntityManagerFactoryBean [main] Initialized JPA EntityManagerFactory for persistence unit 'default'
2026-02-18 18:46:51,926 INFO o.s.d.j.r.q.QueryEnhancerFactory [main] Hibernate is in classpath; If applicable, HQL parser will be used.
2026-02-18 18:46:53,027 WARN o.s.b.a.o.j.JpaBaseConfiguration$JpaWebConfiguration [main] spring.jpa.open-in-view is enabled by default. Therefore, database queries may be performed during view rendering. Explicitly configure spring.jpa.open-in-view to disable this warning
2026-02-18 18:46:53,117 DEBUG o.s.w.s.h.AbstractHandlerMethodMapping [main] 31 mappings in 'requestMappingHandlerMapping'
2026-02-18 18:46:53,202 DEBUG o.s.w.s.h.SimpleUrlHandlerMapping [main] Patterns [/webjars/**, /**] in 'resourceHandlerMapping'
2026-02-18 18:46:53,237 DEBUG o.s.w.s.m.m.a.RequestMappingHandlerAdapter [main] ControllerAdvice beans: 0 @ModelAttribute, 0 @InitBinder, 1 RequestBodyAdvice, 1 ResponseBodyAdvice
2026-02-18 18:46:53,294 DEBUG o.s.w.s.m.m.a.ExceptionHandlerExceptionResolver [main] ControllerAdvice beans: 1 @ExceptionHandler, 1 ResponseBodyAdvice
2026-02-18 18:46:53,392 INFO o.a.j.l.DirectJDKLog [main] Starting ProtocolHandler ["http-nio-8080"]
2026-02-18 18:46:53,414 INFO o.s.b.w.e.t.TomcatWebServer [main] Tomcat started on port 8080 (http) with context path '/'
2026-02-18 18:46:53,421 INFO o.s.b.StartupInfoLogger [main] Started AsociationApplication in 5.94 seconds (process running for 6.501)
2026-02-18 19:16:46,269 INFO o.a.j.l.DirectJDKLog [http-nio-8080-exec-2] Initializing Spring DispatcherServlet 'dispatcherServlet'
2026-02-18 19:16:46,269 INFO o.s.w.s.FrameworkServlet [http-nio-8080-exec-2] Initializing Servlet 'dispatcherServlet'
2026-02-18 19:16:46,269 DEBUG o.s.w.s.DispatcherServlet [http-nio-8080-exec-2] Detected StandardServletMultipartResolver
2026-02-18 19:16:46,270 DEBUG o.s.w.s.DispatcherServlet [http-nio-8080-exec-2] Detected AcceptHeaderLocaleResolver
2026-02-18 19:16:46,270 DEBUG o.s.w.s.DispatcherServlet [http-nio-8080-exec-2] Detected FixedThemeResolver
2026-02-18 19:16:46,271 DEBUG o.s.w.s.DispatcherServlet [http-nio-8080-exec-2] Detected org.springframework.web.servlet.view.DefaultRequestToViewNameTranslator@11e2de88
2026-02-18 19:16:46,271 DEBUG o.s.w.s.DispatcherServlet [http-nio-8080-exec-2] Detected org.springframework.web.servlet.support.SessionFlashMapManager@46135aba
2026-02-18 19:16:46,271 DEBUG o.s.w.s.FrameworkServlet [http-nio-8080-exec-2] enableLoggingRequestDetails='false': request parameters and headers will be masked to prevent unsafe logging of potentially sensitive data
2026-02-18 19:16:46,272 INFO o.s.w.s.FrameworkServlet [http-nio-8080-exec-2] Completed initialization in 2 ms
2026-02-18 19:16:46,279 DEBUG o.s.c.l.LogFormatUtils [http-nio-8080-exec-2] GET "/participantes", parameters={}
2026-02-18 19:16:46,289 DEBUG o.s.w.s.h.AbstractHandlerMapping [http-nio-8080-exec-2] Mapped to com.svalero.asociation.controller.ParticipanteController#getAll(LocalDate, String, String)
2026-02-18 19:16:46,396 INFO c.s.a.s.ParticipanteService [http-nio-8080-exec-2] Searching with filters: null null null
2026-02-18 19:16:46,401 INFO c.s.a.c.ParticipanteController [http-nio-8080-exec-2] GET/participantes
2026-02-18 19:16:46,419 DEBUG o.s.w.s.m.m.a.AbstractMessageConverterMethodProcessor [http-nio-8080-exec-2] Using 'application/json', given [*/*] and supported [application/json, application/*+json]
2026-02-18 19:16:46,423 DEBUG o.s.c.l.LogFormatUtils [http-nio-8080-exec-2] Writing [[ParticipanteOutDto(id=1, dni=97046634P, name=María, surname=Tolano Mendoza, email=anyemail@hotmail. (truncated)...]
2026-02-18 19:16:46,458 DEBUG o.s.w.s.FrameworkServlet [http-nio-8080-exec-2] Completed 200 OK
2026-02-18 19:17:00,239 INFO o.s.b.w.e.t.GracefulShutdown [SpringApplicationShutdownHook] Commencing graceful shutdown. Waiting for active requests to complete
2026-02-18 19:17:00,245 INFO o.s.b.w.e.t.GracefulShutdown [tomcat-shutdown] Graceful shutdown complete
2026-02-18 19:17:00,247 INFO o.s.o.j.AbstractEntityManagerFactoryBean [SpringApplicationShutdownHook] Closing JPA EntityManagerFactory for persistence unit 'default'
2026-02-18 19:17:00,249 INFO c.z.h.HikariDataSource [SpringApplicationShutdownHook] HikariPool-1 - Shutdown initiated...
2026-02-18 19:17:00,251 INFO c.z.h.HikariDataSource [SpringApplicationShutdownHook] HikariPool-1 - Shutdown completed.
